<?xml version="1.0" encoding="UTF-8"?>
<!-- Generated by org.testng.reporters.JUnitReportReporter -->
<testsuite hostname="TVMSPRMSPERFDB" failures="0" tests="27" name="Core.CallCentre.RegularizationSummary_TestClass" time="210.546" errors="0" timestamp="2025-05-13T05:21:01 IST" skipped="0">
  <testcase classname="Core.CallCentre.RegularizationSummary_TestClass" name="Login_and_Navigation_to_Manual_Allocation" time="5.200"/>
  <system-out/>
  <testcase classname="Core.CallCentre.RegularizationSummary_TestClass" name="Asset_Category_SMA_and_NPA_Selection" time="8.953"/>
  <system-out/>
  <testcase classname="Core.CallCentre.RegularizationSummary_TestClass" name="SMA_Category_Dropdown_Selection" time="4.245"/>
  <system-out/>
  <testcase classname="Core.CallCentre.RegularizationSummary_TestClass" name="NPA_Category_Dropdown_Selection" time="3.242"/>
  <system-out/>
  <testcase classname="Core.CallCentre.RegularizationSummary_TestClass" name="OS_Balance_Field_Validation" time="3.670"/>
  <system-out/>
  <testcase classname="Core.CallCentre.RegularizationSummary_TestClass" name="To_Field_Dropdown_Selection" time="3.451"/>
  <system-out/>
  <testcase classname="Core.CallCentre.RegularizationSummary_TestClass" name="Search_with_Mandatory_Fields" time="12.392"/>
  <system-out/>
  <testcase classname="Core.CallCentre.RegularizationSummary_TestClass" name="Allocate_to_Field_Dropdown_Selection" time="3.309"/>
  <system-out/>
  <testcase classname="Core.CallCentre.RegularizationSummary_TestClass" name="Select_Call_Centre_Field_Dropdown_Selection" time="3.331"/>
  <system-out/>
  <testcase classname="Core.CallCentre.RegularizationSummary_TestClass" name="Assign_Button_Validation_Message" time="16.072"/>
  <system-out/>
  <testcase classname="Core.CallCentre.RegularizationSummary_TestClass" name="Create_entry_in_table_database" time="18.498"/>
  <system-out/>
  <testcase classname="Core.CallCentre.RegularizationSummary_TestClass" name="Side_Menu_Call_Centre_Listing" time="5.365"/>
  <system-out/>
  <testcase classname="Core.CallCentre.RegularizationSummary_TestClass" name="Sub_Menu_Regularization_Summary_Listing" time="3.118"/>
  <system-out/>
  <testcase classname="Core.CallCentre.RegularizationSummary_TestClass" name="Click_Regularization_Summary_" time="3.761"/>
  <system-out/>
  <testcase classname="Core.CallCentre.RegularizationSummary_TestClass" name="Regularization_Summary_Page_Dropdown_and_Search" time="3.055"/>
  <system-out/>
  <testcase classname="Core.CallCentre.RegularizationSummary_TestClass" name="Click_Search_Without_Selecting_Dropdown" time="8.387"/>
  <system-out/>
  <testcase classname="Core.CallCentre.RegularizationSummary_TestClass" name="Dropdown_Callcentre_Name" time="3.225"/>
  <system-out/>
  <testcase classname="Core.CallCentre.RegularizationSummary_TestClass" name="Search_Regularization_Summary" time="3.737"/>
  <system-out/>
  <testcase classname="Core.CallCentre.RegularizationSummary_TestClass" name="Download_the_regularization_summary_report" time="3.720"/>
  <system-out/>
  <testcase classname="Core.CallCentre.RegularizationSummary_TestClass" name="Data_Verification_in_Downloaded_File_" time="5.333"/>
  <system-out/>
  <testcase classname="Core.CallCentre.RegularizationSummary_TestClass" name="Download_the_regularization_summary_report_" time="5.808"/>
  <system-out/>
  <testcase classname="Core.CallCentre.RegularizationSummary_TestClass" name="Validate_Downloaded_File_" time="3.088"/>
  <system-out/>
  <testcase classname="Core.CallCentre.RegularizationSummary_TestClass" name="Login_to_call_centre_application" time="56.934"/>
  <system-out/>
  <testcase classname="Core.CallCentre.RegularizationSummary_TestClass" name="Click_Regularization_Summary" time="8.949"/>
  <system-out/>
  <testcase classname="Core.CallCentre.RegularizationSummary_TestClass" name="Data_Verification_in_Downloaded_File" time="5.330"/>
  <system-out/>
  <testcase classname="Core.CallCentre.RegularizationSummary_TestClass" name="Download_regularization_Summary" time="5.296"/>
  <system-out/>
  <testcase classname="Core.CallCentre.RegularizationSummary_TestClass" name="Validate_Downloaded_File" time="3.077"/>
  <system-out/>
</testsuite> <!-- Core.CallCentre.RegularizationSummary_TestClass -->
