<?xml version="1.0" encoding="UTF-8"?>
<!-- Generated by org.testng.reporters.JUnitReportReporter -->
<testsuite hostname="SPTVMLAP-2382" failures="0" tests="3" name="CallCenter_UserManagement.CallCenter_UserManagement_TC" time="8.699" errors="0" timestamp="2025-02-24T18:20:09 IST" skipped="0">
  <testcase classname="CallCenter_UserManagement.CallCenter_UserManagement_TC" name="Login_to_Beacon_FCM" time="0.186"/>
  <system-out/>
  <testcase classname="CallCenter_UserManagement.CallCenter_UserManagement_TC" name="Access_User_Management_Page" time="8.392"/>
  <system-out/>
  <testcase classname="CallCenter_UserManagement.CallCenter_UserManagement_TC" name="Validate_User_Management_Page_Elements" time="0.121"/>
  <system-out/>
</testsuite> <!-- CallCenter_UserManagement.CallCenter_UserManagement_TC -->
