<?xml version="1.0" encoding="UTF-8"?>
<!-- Generated by org.testng.reporters.JUnitReportReporter -->
<testsuite hostname="TVMSPRMSPERFDB" failures="0" tests="13" name="Core.Configurations.CollectionOfficerConfig_TestClass" time="333.904" errors="0" timestamp="2025-05-13T05:21:01 IST" skipped="0">
  <testcase classname="Core.Configurations.CollectionOfficerConfig_TestClass" name="Add_core_users_to_mst_employee_table" time="3.761"/>
  <system-out/>
  <testcase classname="Core.Configurations.CollectionOfficerConfig_TestClass" name="Test_Collection_Officer_Configurations_Page_Basic_Accessibility" time="5.842"/>
  <system-out/>
  <testcase classname="Core.Configurations.CollectionOfficerConfig_TestClass" name="Test_Collection_Officer_Configurations_Page_Parameters" time="5.406"/>
  <system-out/>
  <testcase classname="Core.Configurations.CollectionOfficerConfig_TestClass" name="Test_Search_Functionality" time="23.405"/>
  <system-out/>
  <testcase classname="Core.Configurations.CollectionOfficerConfig_TestClass" name="Test_Save_Configurations_Functionality" time="11.520"/>
  <system-out/>
  <testcase classname="Core.Configurations.CollectionOfficerConfig_TestClass" name="Test_Excel_Download_Functionality" time="14.094"/>
  <system-out/>
  <testcase classname="Core.Configurations.CollectionOfficerConfig_TestClass" name="Test_Failed_Save_Configurations_without_Selections" time="3.161"/>
  <system-out/>
  <testcase classname="Core.Configurations.CollectionOfficerConfig_TestClass" name="Test_Reset_Functionality" time="9.259"/>
  <system-out/>
  <testcase classname="Core.Configurations.CollectionOfficerConfig_TestClass" name="Verify_My_Desk_Unassigned_accounts_Tile" time="35.428"/>
  <system-out/>
  <testcase classname="Core.Configurations.CollectionOfficerConfig_TestClass" name="Verify_My_Desk_Branch_Attention_Required_Tile" time="16.275"/>
  <system-out/>
  <testcase classname="Core.Configurations.CollectionOfficerConfig_TestClass" name="other_branch_user_is_not_showing_My_Desk_Unassigned_accounts_Tile" time="87.787"/>
  <system-out/>
  <testcase classname="Core.Configurations.CollectionOfficerConfig_TestClass" name="other_branch_user_is_not_showing_My_Desk_Branch_Attention_Required_Tile" time="16.816"/>
  <system-out/>
  <testcase classname="Core.Configurations.CollectionOfficerConfig_TestClass" name="Test_Uncheck_Collection_Officer_Functionality" time="101.150"/>
  <system-out/>
</testsuite> <!-- Core.Configurations.CollectionOfficerConfig_TestClass -->
