<?xml version="1.0" encoding="UTF-8"?>
<!-- Generated by org.testng.reporters.JUnitReportReporter -->
<testsuite hostname="SPMUMLAP-043" failures="0" tests="11" name="Core.CallCentre.All_Scenrios_Core_Allocation_Summary_Test" time="308.334" errors="0" timestamp="2025-05-16T19:11:07 IST" skipped="0">
  <testcase classname="Core.CallCentre.All_Scenrios_Core_Allocation_Summary_Test" name="testLogin" time="67.827"/>
  <testcase classname="Core.CallCentre.All_Scenrios_Core_Allocation_Summary_Test" name="testVerifyAllocationSummarySubmenu" time="0.041"/>
  <testcase classname="Core.CallCentre.All_Scenrios_Core_Allocation_Summary_Test" name="testClickOnAllocationSummarySubmenu" time="0.414"/>
  <testcase classname="Core.CallCentre.All_Scenrios_Core_Allocation_Summary_Test" name="testVerifyFieldsAndButtonsOnAllocationSummary" time="0.052"/>
  <testcase classname="Core.CallCentre.All_Scenrios_Core_Allocation_Summary_Test" name="testSearchWithoutSelectingCallCentreDropdown" time="0.211"/>
  <testcase classname="Core.CallCentre.All_Scenrios_Core_Allocation_Summary_Test" name="testSearchWithSelectedCallCentre" time="1.317"/>
  <testcase classname="Core.CallCentre.All_Scenrios_Core_Allocation_Summary_Test" name="testDownloadMonthlyAllocationSummary" time="90.224"/>
  <testcase classname="Core.CallCentre.All_Scenrios_Core_Allocation_Summary_Test" name="testDataVerificationInDownloadedFile" time="32.980"/>
  <testcase classname="Core.CallCentre.All_Scenrios_Core_Allocation_Summary_Test" name="testDownloadDailyAllocationFromMonthlySummary" time="73.312"/>
  <testcase classname="Core.CallCentre.All_Scenrios_Core_Allocation_Summary_Test" name="testDataVerificationInDailyDownloadedFile" time="28.993"/>
  <testcase classname="Core.CallCentre.All_Scenrios_Core_Allocation_Summary_Test" name="testlogout" time="12.963"/>
</testsuite> <!-- Core.CallCentre.All_Scenrios_Core_Allocation_Summary_Test -->
