<?xml version="1.0" encoding="UTF-8"?>
<!-- Generated by org.testng.reporters.JUnitReportReporter -->
<testsuite hostname="SPMUMLAP-043" failures="0" tests="1" name="Core.CallCentre.Core_Allocation_Summary_TestClass" time="63.318" errors="0" timestamp="2025-05-09T12:25:40 IST" skipped="0">
  <testcase classname="Core.CallCentre.Core_Allocation_Summary_TestClass" name="Loan_Closure_Cash" time="63.318"/>
</testsuite> <!-- Core.CallCentre.Core_Allocation_Summary_TestClass -->
