<?xml version="1.0" encoding="UTF-8"?>
<!-- Generated by org.testng.reporters.JUnitReportReporter -->
<testsuite hostname="TVMSPRMSPERFDB" failures="0" tests="23" name="Core.AlertsandNotifications.AlertsNotificationManagement_TestClass" time="155.889" errors="0" timestamp="2025-05-13T05:21:01 IST" skipped="0">
  <testcase classname="Core.AlertsandNotifications.AlertsNotificationManagement_TestClass" name="Test_Login_with_Valid_Credentials" time="62.419"/>
  <system-out/>
  <testcase classname="Core.AlertsandNotifications.AlertsNotificationManagement_TestClass" name="Display_Alerts_and_Notifications_Menu_Option" time="8.055"/>
  <system-out/>
  <testcase classname="Core.AlertsandNotifications.AlertsNotificationManagement_TestClass" name="Access_Alerts_and_Notifications_Page" time="3.180"/>
  <system-out/>
  <testcase classname="Core.AlertsandNotifications.AlertsNotificationManagement_TestClass" name="Verify_Notification_Management_Menu_Display" time="4.871"/>
  <system-out/>
  <testcase classname="Core.AlertsandNotifications.AlertsNotificationManagement_TestClass" name="Verify_Notification_Management_Type_Fields" time="3.207"/>
  <system-out/>
  <testcase classname="Core.AlertsandNotifications.AlertsNotificationManagement_TestClass" name="Verify_Category_Fields" time="3.215"/>
  <system-out/>
  <testcase classname="Core.AlertsandNotifications.AlertsNotificationManagement_TestClass" name="Verify_Schedule_Type_Fields" time="3.283"/>
  <system-out/>
  <testcase classname="Core.AlertsandNotifications.AlertsNotificationManagement_TestClass" name="Verify_Status_Fields" time="3.214"/>
  <system-out/>
  <testcase classname="Core.AlertsandNotifications.AlertsNotificationManagement_TestClass" name="Verify_Schedule_Type_Column_Display" time="3.041"/>
  <system-out/>
  <testcase classname="Core.AlertsandNotifications.AlertsNotificationManagement_TestClass" name="Verify_Template_Name_Column_Display" time="3.047"/>
  <system-out/>
  <testcase classname="Core.AlertsandNotifications.AlertsNotificationManagement_TestClass" name="Verify_Schedule_Start_Column_Display" time="3.139"/>
  <system-out/>
  <testcase classname="Core.AlertsandNotifications.AlertsNotificationManagement_TestClass" name="Verify_Schedule_End_Column_Display" time="3.166"/>
  <system-out/>
  <testcase classname="Core.AlertsandNotifications.AlertsNotificationManagement_TestClass" name="Verify_Time_Column_Display" time="3.056"/>
  <system-out/>
  <testcase classname="Core.AlertsandNotifications.AlertsNotificationManagement_TestClass" name="Verify_Recurrence_Column_Display" time="3.056"/>
  <system-out/>
  <testcase classname="Core.AlertsandNotifications.AlertsNotificationManagement_TestClass" name="Verify_Day_of_Week_Column_Display" time="3.046"/>
  <system-out/>
  <testcase classname="Core.AlertsandNotifications.AlertsNotificationManagement_TestClass" name="Verify_Day_of_Month_Column_Display" time="3.040"/>
  <system-out/>
  <testcase classname="Core.AlertsandNotifications.AlertsNotificationManagement_TestClass" name="Verify_Status_Column_Display" time="3.049"/>
  <system-out/>
  <testcase classname="Core.AlertsandNotifications.AlertsNotificationManagement_TestClass" name="Verify_the_pagination" time="3.085"/>
  <system-out/>
  <testcase classname="Core.AlertsandNotifications.AlertsNotificationManagement_TestClass" name="Verify_the_functionality_of_search_button" time="3.937"/>
  <system-out/>
  <testcase classname="Core.AlertsandNotifications.AlertsNotificationManagement_TestClass" name="Verify_the_functionality_of_cross_button_in_input_fields" time="3.178"/>
  <system-out/>
  <testcase classname="Core.AlertsandNotifications.AlertsNotificationManagement_TestClass" name="Verify_Configure_Button_Click" time="3.256"/>
  <system-out/>
  <testcase classname="Core.AlertsandNotifications.AlertsNotificationManagement_TestClass" name="Verify_UI_Elements_Presence" time="8.145"/>
  <system-out/>
  <testcase classname="Core.AlertsandNotifications.AlertsNotificationManagement_TestClass" name="Verify_Edit_Button_Functionality" time="15.204"/>
  <system-out/>
</testsuite> <!-- Core.AlertsandNotifications.AlertsNotificationManagement_TestClass -->
