<?xml version="1.0" encoding="UTF-8"?>
<!-- Generated by org.testng.reporters.JUnitReportReporter -->
<testsuite hostname="TVMSPRMSPERFDB" name="Core.SecurityManagement.BannedCustomerTest" tests="1" failures="0" timestamp="27 Dec 2024 05:55:58 GMT" time="81.732" errors="0">
  <testcase name="AccessBannedCustomerPage" time="81.732" classname="Core.SecurityManagement.BannedCustomerTest"/>
</testsuite> <!-- Core.SecurityManagement.BannedCustomerTest -->
