<?xml version="1.0" encoding="UTF-8"?>
<!-- Generated by org.testng.reporters.JUnitReportReporter -->
<testsuite hostname="TVMSPRMSPERFDB" failures="0" tests="31" name="Core.CollectionAgency.AgencyAccountAllocation_TestClass" time="728.014" errors="0" timestamp="2025-05-13T05:21:01 IST" skipped="0">
  <testcase classname="Core.CollectionAgency.AgencyAccountAllocation_TestClass" name="testUpdateProperties" time="0.997"/>
  <system-out/>
  <testcase classname="Core.CollectionAgency.AgencyAccountAllocation_TestClass" name="UpdateDataInDB" time="3.687"/>
  <system-out/>
  <testcase classname="Core.CollectionAgency.AgencyAccountAllocation_TestClass" name="DeleteDataInDB" time="2.262"/>
  <system-out/>
  <testcase classname="Core.CollectionAgency.AgencyAccountAllocation_TestClass" name="LogInToApp" time="62.252"/>
  <system-out/>
  <testcase classname="Core.CollectionAgency.AgencyAccountAllocation_TestClass" name="NavigationToAgencyAccountAllocation" time="21.859"/>
  <system-out/>
  <testcase classname="Core.CollectionAgency.AgencyAccountAllocation_TestClass" name="AccountTypeDropdownBasicFunctionality" time="69.911"/>
  <system-out/>
  <testcase classname="Core.CollectionAgency.AgencyAccountAllocation_TestClass" name="AssetCategoryDropdownBasicFunctionality" time="16.691"/>
  <system-out/>
  <testcase classname="Core.CollectionAgency.AgencyAccountAllocation_TestClass" name="SMACategoryActivation" time="29.688"/>
  <system-out/>
  <testcase classname="Core.CollectionAgency.AgencyAccountAllocation_TestClass" name="NPACategoryActivation" time="52.273"/>
  <system-out/>
  <testcase classname="Core.CollectionAgency.AgencyAccountAllocation_TestClass" name="zoneDropdownBasicFunctionality" time="22.655"/>
  <system-out/>
  <testcase classname="Core.CollectionAgency.AgencyAccountAllocation_TestClass" name="zoneandRegionDropdownDependencyTest" time="27.489"/>
  <system-out/>
  <testcase classname="Core.CollectionAgency.AgencyAccountAllocation_TestClass" name="RegionandBranchDependency" time="29.585"/>
  <system-out/>
  <testcase classname="Core.CollectionAgency.AgencyAccountAllocation_TestClass" name="SetDPDValue" time="17.305"/>
  <system-out/>
  <testcase classname="Core.CollectionAgency.AgencyAccountAllocation_TestClass" name="SearchButtonFunctionality" time="20.746"/>
  <system-out/>
  <testcase classname="Core.CollectionAgency.AgencyAccountAllocation_TestClass" name="OutputGridDataVerification" time="4.538"/>
  <system-out/>
  <testcase classname="Core.CollectionAgency.AgencyAccountAllocation_TestClass" name="AllocationDateNonEditability" time="3.582"/>
  <system-out/>
  <testcase classname="Core.CollectionAgency.AgencyAccountAllocation_TestClass" name="AllocateButtonFunctionality" time="21.959"/>
  <system-out/>
  <testcase classname="Core.CollectionAgency.AgencyAccountAllocation_TestClass" name="VerifyAllocatedAccountsInDBTable" time="4.093"/>
  <system-out/>
  <testcase classname="Core.CollectionAgency.AgencyAccountAllocation_TestClass" name="VerifyAllocatedListButtonispresent" time="3.531"/>
  <system-out/>
  <testcase classname="Core.CollectionAgency.AgencyAccountAllocation_TestClass" name="VerifyPopupOpenswhenclickonAllocatedListbutton" time="36.922"/>
  <system-out/>
  <testcase classname="Core.CollectionAgency.AgencyAccountAllocation_TestClass" name="AgencyNameDropdownBasicFunctionality" time="36.220"/>
  <system-out/>
  <testcase classname="Core.CollectionAgency.AgencyAccountAllocation_TestClass" name="ActionDateFromPicker" time="3.537"/>
  <system-out/>
  <testcase classname="Core.CollectionAgency.AgencyAccountAllocation_TestClass" name="ActionDateToPicker" time="3.529"/>
  <system-out/>
  <testcase classname="Core.CollectionAgency.AgencyAccountAllocation_TestClass" name="SearchButtonBasicFunctionality" time="7.723"/>
  <system-out/>
  <testcase classname="Core.CollectionAgency.AgencyAccountAllocation_TestClass" name="ValidateOutputColumnsInGrid" time="3.834"/>
  <system-out/>
  <testcase classname="Core.CollectionAgency.AgencyAccountAllocation_TestClass" name="DownloadExcelButtonEnabledOnlyWhenSelected_ValidateDataExcelFilename" time="12.051"/>
  <system-out/>
  <testcase classname="Core.CollectionAgency.AgencyAccountAllocation_TestClass" name="ResetButtonClearFilters" time="29.451"/>
  <system-out/>
  <testcase classname="Core.CollectionAgency.AgencyAccountAllocation_TestClass" name="DownloadExcelDisabledWhenNoSelection" time="3.553"/>
  <system-out/>
  <testcase classname="Core.CollectionAgency.AgencyAccountAllocation_TestClass" name="InvalidSearchwithEmptyFields" time="7.942"/>
  <system-out/>
  <testcase classname="Core.CollectionAgency.AgencyAccountAllocation_TestClass" name="CloseAllocatedListPopup" time="7.984"/>
  <system-out/>
  <testcase classname="Core.CollectionAgency.AgencyAccountAllocation_TestClass" name="VerifyDeallocatedAccountsFunctionality" time="160.165"/>
  <system-out/>
</testsuite> <!-- Core.CollectionAgency.AgencyAccountAllocation_TestClass -->
