<?xml version="1.0" encoding="UTF-8"?>
<!-- Generated by org.testng.reporters.JUnitReportReporter -->
<testsuite hostname="TCCOKLAP-5162" failures="0" tests="2" name="Core.SecurityManagement.RoleManagementTest" time="13.950" errors="0" timestamp="2025-05-15T11:14:50 IST" skipped="0">
  <testcase classname="Core.SecurityManagement.RoleManagementTest" name="Navigation_to_Role_Management_Page" time="13.766"/>
  <system-out/>
  <testcase classname="Core.SecurityManagement.RoleManagementTest" name="EnterTestRole" time="0.184"/>
  <system-out/>
</testsuite> <!-- Core.SecurityManagement.RoleManagementTest -->
