<?xml version="1.0" encoding="UTF-8"?>
<!-- Generated by org.testng.reporters.JUnitReportReporter -->
<testsuite hostname="TVMSPRMSPERFDB" failures="0" tests="54" name="Core.CallCentre.ManualAllocation_TestClass" time="537.016" errors="0" timestamp="2025-05-13T05:21:01 IST" skipped="0">
  <testcase classname="Core.CallCentre.ManualAllocation_TestClass" name="Login_to_call_centre_application_and_take_account_filtration_page" time="4.623"/>
  <system-out/>
  <testcase classname="Core.CallCentre.ManualAllocation_TestClass" name="Allocated_To_dropdown_mandatory_checking" time="9.106"/>
  <system-out/>
  <testcase classname="Core.CallCentre.ManualAllocation_TestClass" name="Asset_category_dropdown_mandatory_checking" time="9.273"/>
  <system-out/>
  <testcase classname="Core.CallCentre.ManualAllocation_TestClass" name="Select_SMA_and_NPA_Categories" time="5.065"/>
  <system-out/>
  <testcase classname="Core.CallCentre.ManualAllocation_TestClass" name="SMA_Category_Selection" time="3.431"/>
  <system-out/>
  <testcase classname="Core.CallCentre.ManualAllocation_TestClass" name="NPA_Category_Selection_" time="3.435"/>
  <system-out/>
  <testcase classname="Core.CallCentre.ManualAllocation_TestClass" name="Allocation_Type_Selection_Manual_allocation" time="4.158"/>
  <system-out/>
  <testcase classname="Core.CallCentre.ManualAllocation_TestClass" name="Perform_Search_with_Valid_Data" time="6.912"/>
  <system-out/>
  <testcase classname="Core.CallCentre.ManualAllocation_TestClass" name="Login_and_Navigation_to_Manual_Allocation" time="64.118"/>
  <system-out/>
  <testcase classname="Core.CallCentre.ManualAllocation_TestClass" name="Verify_Fields_and_Buttons_on_Manual_Allocation_Page" time="4.872"/>
  <system-out/>
  <testcase classname="Core.CallCentre.ManualAllocation_TestClass" name="Mandatory_Field_Validation_for_Asset_Category" time="8.532"/>
  <system-out/>
  <testcase classname="Core.CallCentre.ManualAllocation_TestClass" name="Asset_Category_SMA_and_NPA_Selection" time="8.968"/>
  <system-out/>
  <testcase classname="Core.CallCentre.ManualAllocation_TestClass" name="SMA_Category_Dropdown_Selection" time="4.237"/>
  <system-out/>
  <testcase classname="Core.CallCentre.ManualAllocation_TestClass" name="NPA_Category_Dropdown_Selection" time="3.238"/>
  <system-out/>
  <testcase classname="Core.CallCentre.ManualAllocation_TestClass" name="OS_Balance_Field_Validation" time="3.644"/>
  <system-out/>
  <testcase classname="Core.CallCentre.ManualAllocation_TestClass" name="To_Field_Dropdown_Selection" time="3.458"/>
  <system-out/>
  <testcase classname="Core.CallCentre.ManualAllocation_TestClass" name="Search_with_Mandatory_Fields" time="11.050"/>
  <system-out/>
  <testcase classname="Core.CallCentre.ManualAllocation_TestClass" name="Download_Excel_Functionality" time="13.858"/>
  <system-out/>
  <testcase classname="Core.CallCentre.ManualAllocation_TestClass" name="Excel_Account_Count_Verification" time="3.850"/>
  <system-out/>
  <testcase classname="Core.CallCentre.ManualAllocation_TestClass" name="Login_to_call_centre_application_and_take_updation_of_disposition_page" time="58.274"/>
  <system-out/>
  <testcase classname="Core.CallCentre.ManualAllocation_TestClass" name="Login_and_Navigation_to_Manual_Allocation_Core_Application" time="66.242"/>
  <system-out/>
  <testcase classname="Core.CallCentre.ManualAllocation_TestClass" name="Mandatory_Field_Validation_for_Asset_Category_" time="9.523"/>
  <system-out/>
  <testcase classname="Core.CallCentre.ManualAllocation_TestClass" name="Asset_Category_SMA_and_NPA_Selection_" time="8.945"/>
  <system-out/>
  <testcase classname="Core.CallCentre.ManualAllocation_TestClass" name="SMA_Category_Dropdown_Selection_" time="4.237"/>
  <system-out/>
  <testcase classname="Core.CallCentre.ManualAllocation_TestClass" name="NPA_Category_Dropdown_Selection_" time="8.724"/>
  <system-out/>
  <testcase classname="Core.CallCentre.ManualAllocation_TestClass" name="OS_Balance_Field_Validation_" time="3.636"/>
  <system-out/>
  <testcase classname="Core.CallCentre.ManualAllocation_TestClass" name="To_Field_Dropdown_Selection_" time="3.454"/>
  <system-out/>
  <testcase classname="Core.CallCentre.ManualAllocation_TestClass" name="Search_with_Mandatory_Fields_" time="9.960"/>
  <system-out/>
  <testcase classname="Core.CallCentre.ManualAllocation_TestClass" name="Allocate_to_Field_Dropdown_Selection" time="3.322"/>
  <system-out/>
  <testcase classname="Core.CallCentre.ManualAllocation_TestClass" name="Select_Call_Centre_Field_Dropdown_Selection" time="3.335"/>
  <system-out/>
  <testcase classname="Core.CallCentre.ManualAllocation_TestClass" name="Assign_Button_Validation_Message" time="7.949"/>
  <system-out/>
  <testcase classname="Core.CallCentre.ManualAllocation_TestClass" name="Successful_Login_and_Navigation" time="56.841"/>
  <system-out/>
  <testcase classname="Core.CallCentre.ManualAllocation_TestClass" name="Verify_Mandatory_Fields" time="3.077"/>
  <system-out/>
  <testcase classname="Core.CallCentre.ManualAllocation_TestClass" name="Form_Submission_Without_Mandatory_Fields" time="9.132"/>
  <system-out/>
  <testcase classname="Core.CallCentre.ManualAllocation_TestClass" name="Asset_Category_Selection" time="5.128"/>
  <system-out/>
  <testcase classname="Core.CallCentre.ManualAllocation_TestClass" name="SMA_Category_Selection_" time="3.412"/>
  <system-out/>
  <testcase classname="Core.CallCentre.ManualAllocation_TestClass" name="NPA_Category_Selection" time="3.426"/>
  <system-out/>
  <testcase classname="Core.CallCentre.ManualAllocation_TestClass" name="Allocation_Type_Selection" time="4.119"/>
  <system-out/>
  <testcase classname="Core.CallCentre.ManualAllocation_TestClass" name="Allocated_To_Selection_Call_Centre" time="3.600"/>
  <system-out/>
  <testcase classname="Core.CallCentre.ManualAllocation_TestClass" name="Search_Functionality_with_Filters" time="4.945"/>
  <system-out/>
  <testcase classname="Core.CallCentre.ManualAllocation_TestClass" name="Download_File__List_of_Accounts" time="7.395"/>
  <system-out/>
  <testcase classname="Core.CallCentre.ManualAllocation_TestClass" name="Verify_Downloaded_File" time="4.423"/>
  <system-out/>
  <testcase classname="Core.CallCentre.ManualAllocation_TestClass" name="Verify_the_URL_after_navigating_to_the_Updation_of_Disposition_page" time="4.296"/>
  <system-out/>
  <testcase classname="Core.CallCentre.ManualAllocation_TestClass" name="Validate_presence_of_fields_and_buttons_on_the_Updation_of_Disposition_page" time="3.155"/>
  <system-out/>
  <testcase classname="Core.CallCentre.ManualAllocation_TestClass" name="Account_Number_Field_ECP_Validations" time="3.342"/>
  <system-out/>
  <testcase classname="Core.CallCentre.ManualAllocation_TestClass" name="Search_with_Invalid_Account_Number" time="9.377"/>
  <system-out/>
  <testcase classname="Core.CallCentre.ManualAllocation_TestClass" name="Search_with_Valid_Account_Number" time="11.276"/>
  <system-out/>
  <testcase classname="Core.CallCentre.ManualAllocation_TestClass" name="Verify_Fields_in_Add_Interaction_Details_Section" time="3.322"/>
  <system-out/>
  <testcase classname="Core.CallCentre.ManualAllocation_TestClass" name="Select_Internal_User_from_Action_Owner_Dropdown" time="3.288"/>
  <system-out/>
  <testcase classname="Core.CallCentre.ManualAllocation_TestClass" name="Select_Disposition_Type" time="3.984"/>
  <system-out/>
  <testcase classname="Core.CallCentre.ManualAllocation_TestClass" name="Select_Sub_Disposition" time="3.262"/>
  <system-out/>
  <testcase classname="Core.CallCentre.ManualAllocation_TestClass" name="Select_Date_in_Next_Action_Date_DatePicker" time="3.284"/>
  <system-out/>
  <testcase classname="Core.CallCentre.ManualAllocation_TestClass" name="Enter_Remarks_and_Save_Interaction" time="9.120"/>
  <system-out/>
  <testcase classname="Core.CallCentre.ManualAllocation_TestClass" name="Search_for_Previously_Saved_Account_Interaction_Details" time="10.383"/>
  <system-out/>
</testsuite> <!-- Core.CallCentre.ManualAllocation_TestClass -->
