<?xml version="1.0" encoding="UTF-8"?>
<!-- Generated by org.testng.reporters.JUnitReportReporter -->
<testsuite hostname="TVMSPRMSPERFDB" failures="0" tests="7" name="Core.SummaryReports.BankRegularizationSummary_TestClass" time="101.322" errors="0" timestamp="2025-05-13T05:21:01 IST" skipped="0">
  <testcase classname="Core.SummaryReports.BankRegularizationSummary_TestClass" name="Validate_Navigation_to_Bank_Regularization_Summary" time="64.603"/>
  <system-out/>
  <testcase classname="Core.SummaryReports.BankRegularizationSummary_TestClass" name="Inserting_TRN_AC_MOVEMENT_table_with_AC_MOVEMENT_DATE_Current_date_MOVEMENT_TYPE_4_and_MOVEMENT_TYPE_CATEGORY_REMOVED" time="3.635"/>
  <system-out/>
  <testcase classname="Core.SummaryReports.BankRegularizationSummary_TestClass" name="Validate_Data_Execution_for_Bank_Regularization_Summary" time="5.150"/>
  <system-out/>
  <testcase classname="Core.SummaryReports.BankRegularizationSummary_TestClass" name="Validate_Data_in_Bank_Regularization_Summary_page" time="10.249"/>
  <system-out/>
  <testcase classname="Core.SummaryReports.BankRegularizationSummary_TestClass" name="Validate_Count_and_OS_Amount_Without_Query_Execution" time="3.185"/>
  <system-out/>
  <testcase classname="Core.SummaryReports.BankRegularizationSummary_TestClass" name="Validate_Data_Consistency_in_Export" time="9.554"/>
  <system-out/>
  <testcase classname="Core.SummaryReports.BankRegularizationSummary_TestClass" name="Mandatory_Fields_Empty_Validation" time="4.946"/>
  <system-out/>
</testsuite> <!-- Core.SummaryReports.BankRegularizationSummary_TestClass -->
