<?xml version="1.0" encoding="UTF-8"?>
<!-- Generated by org.testng.reporters.JUnitReportReporter -->
<testsuite hostname="TVMSPRMSPERFDB" failures="0" tests="36" name="Core.CallCentre.AutoAllocation_TestClass" time="534.409" errors="0" timestamp="2025-05-13T05:21:01 IST" skipped="0">
  <testcase classname="Core.CallCentre.AutoAllocation_TestClass" name="Login_to_call_centre_application_and_take_account_filtration_page" time="4.629"/>
  <system-out/>
  <testcase classname="Core.CallCentre.AutoAllocation_TestClass" name="Allocated_To_dropdown_mandatory_checking" time="9.134"/>
  <system-out/>
  <testcase classname="Core.CallCentre.AutoAllocation_TestClass" name="Asset_category_dropdown_mandatory_checking" time="9.132"/>
  <system-out/>
  <testcase classname="Core.CallCentre.AutoAllocation_TestClass" name="Select_SMA_and_NPA_Categories" time="5.088"/>
  <system-out/>
  <testcase classname="Core.CallCentre.AutoAllocation_TestClass" name="SMA_Category_Selection" time="3.427"/>
  <system-out/>
  <testcase classname="Core.CallCentre.AutoAllocation_TestClass" name="NPA_Category_Selection" time="3.429"/>
  <system-out/>
  <testcase classname="Core.CallCentre.AutoAllocation_TestClass" name="Allocation_Type_Selection__Auto" time="4.125"/>
  <system-out/>
  <testcase classname="Core.CallCentre.AutoAllocation_TestClass" name="Perform_Search_with_Valid_Data" time="6.051"/>
  <system-out/>
  <testcase classname="Core.CallCentre.AutoAllocation_TestClass" name="Login_to_beacon_fcm_core_application_Verify_Auto_Allocation_Page_Load" time="71.510"/>
  <system-out/>
  <testcase classname="Core.CallCentre.AutoAllocation_TestClass" name="Verify_Fields_and_Buttons_on_Auto_Allocation_Page" time="3.861"/>
  <system-out/>
  <testcase classname="Core.CallCentre.AutoAllocation_TestClass" name="Enter_Allocation_Name_with_Alphabets" time="3.520"/>
  <system-out/>
  <testcase classname="Core.CallCentre.AutoAllocation_TestClass" name="Select_effect_Date_from_Date_Picker" time="3.387"/>
  <system-out/>
  <testcase classname="Core.CallCentre.AutoAllocation_TestClass" name="Select_NPA_and_SMA_Category_Checkbox" time="45.373"/>
  <system-out/>
  <testcase classname="Core.CallCentre.AutoAllocation_TestClass" name="Select_Zone_from_Dropdown" time="8.376"/>
  <system-out/>
  <testcase classname="Core.CallCentre.AutoAllocation_TestClass" name="Select_Processing_Interval_from_Dropdown" time="8.434"/>
  <system-out/>
  <testcase classname="Core.CallCentre.AutoAllocation_TestClass" name="Select_To_Dropdown" time="8.479"/>
  <system-out/>
  <testcase classname="Core.CallCentre.AutoAllocation_TestClass" name="Add_New_Allocation_Name" time="3.982"/>
  <system-out/>
  <testcase classname="Core.CallCentre.AutoAllocation_TestClass" name="Verify_Allocation_Name_Status_After_Creation" time="4.072"/>
  <system-out/>
  <testcase classname="Core.CallCentre.AutoAllocation_TestClass" name="Deactivate_Allocation_Name" time="12.113"/>
  <system-out/>
  <testcase classname="Core.CallCentre.AutoAllocation_TestClass" name="Reactivate_Allocation_Name" time="12.568"/>
  <system-out/>
  <testcase classname="Core.CallCentre.AutoAllocation_TestClass" name="Run_Database_Package_and_Verify_Accounts_Insertion" time="165.897"/>
  <system-out/>
  <testcase classname="Core.CallCentre.AutoAllocation_TestClass" name="Login_to_call_centre_application_and_take_account_filtration_pages" time="64.087"/>
  <system-out/>
  <testcase classname="Core.CallCentre.AutoAllocation_TestClass" name="Select_SMA_and_NPA_Categorie" time="5.110"/>
  <system-out/>
  <testcase classname="Core.CallCentre.AutoAllocation_TestClass" name="SMA_Category_Selections" time="3.423"/>
  <system-out/>
  <testcase classname="Core.CallCentre.AutoAllocation_TestClass" name="NPA_Category_Selections" time="4.072"/>
  <system-out/>
  <testcase classname="Core.CallCentre.AutoAllocation_TestClass" name="Allocation_Type_Selections__Auto" time="4.282"/>
  <system-out/>
  <testcase classname="Core.CallCentre.AutoAllocation_TestClass" name="Allocated_To_Selection__Call_Centre" time="3.646"/>
  <system-out/>
  <testcase classname="Core.CallCentre.AutoAllocation_TestClass" name="Perform_Search_with_Valid_Datas" time="8.119"/>
  <system-out/>
  <testcase classname="Core.CallCentre.AutoAllocation_TestClass" name="Verify_Total_Account_and_Amount_in_Grid" time="3.044"/>
  <system-out/>
  <testcase classname="Core.CallCentre.AutoAllocation_TestClass" name="Download_File__List_of_Accounts" time="9.540"/>
  <system-out/>
  <testcase classname="Core.CallCentre.AutoAllocation_TestClass" name="Verify_Downloaded_File" time="3.084"/>
  <system-out/>
  <testcase classname="Core.CallCentre.AutoAllocation_TestClass" name="Download_Dialer_File" time="7.858"/>
  <system-out/>
  <testcase classname="Core.CallCentre.AutoAllocation_TestClass" name="Verify_Dialer_Downloaded_File" time="3.043"/>
  <system-out/>
  <testcase classname="Core.CallCentre.AutoAllocation_TestClass" name="Download_Invalid_MobileNo_Excel_File" time="9.914"/>
  <system-out/>
  <testcase classname="Core.CallCentre.AutoAllocation_TestClass" name="Verify_Invalid_Mobile_Number_Downloaded_File" time="3.024"/>
  <system-out/>
  <testcase classname="Core.CallCentre.AutoAllocation_TestClass" name="Verify_Download_History" time="5.576"/>
  <system-out/>
</testsuite> <!-- Core.CallCentre.AutoAllocation_TestClass -->
