<?xml version="1.0" encoding="UTF-8"?>
<!-- Generated by org.testng.reporters.JUnitReportReporter -->
<testsuite hostname="TVMSPRMSPERFDB" name="Core.SecurityManagement.UserManagement_TC" tests="7" failures="0" timestamp="27 Dec 2024 16:10:39 GMT" time="164.329" errors="0">
  <testcase name="User_search_page__Default_State_of_IsActive_Checkbox" time="0.010" classname="Core.SecurityManagement.UserManagement_TC"/>
  <testcase name="Test_Redirect_to_Add_New_User_Page" time="72.422" classname="Core.SecurityManagement.UserManagement_TC"/>
  <testcase name="Navigation_to_User_Management_Page" time="69.081" classname="Core.SecurityManagement.UserManagement_TC"/>
  <testcase name="User_search_page__Pagination_of_Active_users" time="0.248" classname="Core.SecurityManagement.UserManagement_TC"/>
  <testcase name="User_search_page_Pagination_of_Active_users_Second_page_button_functionality_and_data_checking" time="4.237" classname="Core.SecurityManagement.UserManagement_TC"/>
  <testcase name="User_search_page_Pagination_of_Active_users_Last_page_button_functionality_and_data_checking" time="4.468" classname="Core.SecurityManagement.UserManagement_TC"/>
  <testcase name="User_search_page_Pagination_of_Active_users_Previous_page_button_functionality_and_data_checking" time="13.863" classname="Core.SecurityManagement.UserManagement_TC"/>
</testsuite> <!-- Core.SecurityManagement.UserManagement_TC -->
