<?xml version="1.0" encoding="UTF-8"?>
<!-- Generated by org.testng.reporters.JUnitReportReporter -->
<testsuite hostname="TVMSPRMSPERFDB" failures="0" tests="14" name="Core.Disposition.Updation_Of_Disposition_Test" time="128.345" errors="0" timestamp="2025-05-13T05:21:01 IST" skipped="0">
  <testcase classname="Core.Disposition.Updation_Of_Disposition_Test" name="Open_Updation_of_Disposition_Screen" time="4.452"/>
  <system-out/>
  <testcase classname="Core.Disposition.Updation_Of_Disposition_Test" name="Account_Number_Field__ECP_Validations" time="3.210"/>
  <system-out/>
  <testcase classname="Core.Disposition.Updation_Of_Disposition_Test" name="Attempt_to_Enter_More_than_25_Characters" time="3.125"/>
  <system-out/>
  <testcase classname="Core.Disposition.Updation_Of_Disposition_Test" name="Enter_Invalid_Account_Number_and_Search" time="10.088"/>
  <system-out/>
  <testcase classname="Core.Disposition.Updation_Of_Disposition_Test" name="Search_with_Empty_Account_Number_Field" time="8.938"/>
  <system-out/>
  <testcase classname="Core.Disposition.Updation_Of_Disposition_Test" name="Enter_invalid_Account_Number_which_is_user_not_assigned_branches_and_Search" time="27.459"/>
  <system-out/>
  <testcase classname="Core.Disposition.Updation_Of_Disposition_Test" name="Enter_Valid_Account_Number_and_Search" time="15.656"/>
  <system-out/>
  <testcase classname="Core.Disposition.Updation_Of_Disposition_Test" name="Add_New_Interaction_Details__All_Fields_Missing_Validation" time="5.340"/>
  <system-out/>
  <testcase classname="Core.Disposition.Updation_Of_Disposition_Test" name="Add_New_Interaction_Details__Disposition_Missing_Validation" time="5.614"/>
  <system-out/>
  <testcase classname="Core.Disposition.Updation_Of_Disposition_Test" name="Add_New_Interaction_Details__Sub_Disposition_Missing_Validation" time="6.332"/>
  <system-out/>
  <testcase classname="Core.Disposition.Updation_Of_Disposition_Test" name="Add_New_Interaction_Details__NextAction_Date_Missing_Validation" time="5.636"/>
  <system-out/>
  <testcase classname="Core.Disposition.Updation_Of_Disposition_Test" name="Add_New_Interaction_Details__Remark_Missing_Validation" time="7.421"/>
  <system-out/>
  <testcase classname="Core.Disposition.Updation_Of_Disposition_Test" name="Add_New_Interaction_Details__Successful_Form_Submission" time="10.201"/>
  <system-out/>
  <testcase classname="Core.Disposition.Updation_Of_Disposition_Test" name="Verify_successfully_saved_interaction_in_history_of_interaction_details_section" time="14.873"/>
  <system-out/>
</testsuite> <!-- Core.Disposition.Updation_Of_Disposition_Test -->
