<?xml version="1.0" encoding="UTF-8"?>
<!-- Generated by org.testng.reporters.JUnitReportReporter -->
<testsuite hostname="TVMSPRMSPERFDB" failures="0" tests="15" name="Core.AlertsandNotifications.AlertsTemplateManagement_TestClass" time="148.754" errors="0" timestamp="2025-05-13T05:21:01 IST" skipped="0">
  <testcase classname="Core.AlertsandNotifications.AlertsTemplateManagement_TestClass" name="Test_Login_with_Valid_Credentials" time="64.942"/>
  <system-out/>
  <testcase classname="Core.AlertsandNotifications.AlertsTemplateManagement_TestClass" name="Display_Alerts_and_Notifications_Menu_Option" time="8.054"/>
  <system-out/>
  <testcase classname="Core.AlertsandNotifications.AlertsTemplateManagement_TestClass" name="Access_Alerts_and_Notifications_Page" time="3.147"/>
  <system-out/>
  <testcase classname="Core.AlertsandNotifications.AlertsTemplateManagement_TestClass" name="Navigate_to_Template_Management" time="5.451"/>
  <system-out/>
  <testcase classname="Core.AlertsandNotifications.AlertsTemplateManagement_TestClass" name="Interact_with_Template_Management_Fields" time="4.360"/>
  <system-out/>
  <testcase classname="Core.AlertsandNotifications.AlertsTemplateManagement_TestClass" name="Clear_Input_Field_Test" time="3.180"/>
  <system-out/>
  <testcase classname="Core.AlertsandNotifications.AlertsTemplateManagement_TestClass" name="Display_Template_Details_Table" time="3.216"/>
  <system-out/>
  <testcase classname="Core.AlertsandNotifications.AlertsTemplateManagement_TestClass" name="Test_Template_Pagination" time="4.150"/>
  <system-out/>
  <testcase classname="Core.AlertsandNotifications.AlertsTemplateManagement_TestClass" name="SMS_Template_Body_Character_Limit" time="7.229"/>
  <system-out/>
  <testcase classname="Core.AlertsandNotifications.AlertsTemplateManagement_TestClass" name="Additional_Fields_for_Email_or_Notice" time="4.197"/>
  <system-out/>
  <testcase classname="Core.AlertsandNotifications.AlertsTemplateManagement_TestClass" name="Add_New_Template" time="6.104"/>
  <system-out/>
  <testcase classname="Core.AlertsandNotifications.AlertsTemplateManagement_TestClass" name="Save_New_Template" time="5.177"/>
  <system-out/>
  <testcase classname="Core.AlertsandNotifications.AlertsTemplateManagement_TestClass" name="View_Template_Details" time="3.990"/>
  <system-out/>
  <testcase classname="Core.AlertsandNotifications.AlertsTemplateManagement_TestClass" name="Edit_Existing_Template" time="21.540"/>
  <system-out/>
  <testcase classname="Core.AlertsandNotifications.AlertsTemplateManagement_TestClass" name="View_Template_History" time="4.017"/>
  <system-out/>
</testsuite> <!-- Core.AlertsandNotifications.AlertsTemplateManagement_TestClass -->
