<?xml version="1.0" encoding="UTF-8"?>
<!-- Generated by org.testng.reporters.JUnitReportReporter -->
<testsuite hostname="SPMUMLAP-043" failures="0" tests="2" name="com.test.CollectionAgency_AllocationSummary.All_Scenrios_CollectionAgency_Allocation_Summary_Test" time="46.964" errors="0" timestamp="2025-05-15T15:03:43 IST" skipped="0">
  <testcase classname="com.test.CollectionAgency_AllocationSummary.All_Scenrios_CollectionAgency_Allocation_Summary_Test" name="testLoginAndNavigateToDashboard" time="46.821"/>
  <testcase classname="com.test.CollectionAgency_AllocationSummary.All_Scenrios_CollectionAgency_Allocation_Summary_Test" name="testGridColumnsDisplay" time="0.143"/>
</testsuite> <!-- com.test.CollectionAgency_AllocationSummary.All_Scenrios_CollectionAgency_Allocation_Summary_Test -->
