<?xml version="1.0" encoding="UTF-8"?>
<!-- Generated by org.testng.reporters.JUnitReportReporter -->
<testsuite hostname="TVMSPRMSPERFDB" failures="0" tests="18" name="CollectionAgency.AccountAllocation.AgentAccountAllocation_TestClass" time="856.710" errors="0" timestamp="2025-05-13T05:21:01 IST" skipped="0">
  <testcase classname="CollectionAgency.AccountAllocation.AgentAccountAllocation_TestClass" name="Login_to_core_application_and_navigate_to_agency_account_agency_menu" time="15.109"/>
  <system-out/>
  <testcase classname="CollectionAgency.AccountAllocation.AgentAccountAllocation_TestClass" name="Truncate_mst_col_agency_acc_allocated_and_delete_data_from_trn_account_followup_where_disposition_date__today" time="4.054"/>
  <system-out/>
  <testcase classname="CollectionAgency.AccountAllocation.AgentAccountAllocation_TestClass" name="Verify_that_the_Excel_file_is_successfully_downloaded_and_contains_the_details_of_the_chosen_account" time="38.103"/>
  <system-out/>
  <testcase classname="CollectionAgency.AccountAllocation.AgentAccountAllocation_TestClass" name="Allocating_accounts_to_collection_agency" time="12.406"/>
  <system-out/>
  <testcase classname="CollectionAgency.AccountAllocation.AgentAccountAllocation_TestClass" name="Login_to_allocated_collection_agency_from_collection_agency_application" time="654.241"/>
  <system-out/>
  <testcase classname="CollectionAgency.AccountAllocation.AgentAccountAllocation_TestClass" name="verify_agent_account_allocation_page_is_available" time="5.082"/>
  <system-out/>
  <testcase classname="CollectionAgency.AccountAllocation.AgentAccountAllocation_TestClass" name="Filter_Asset_Category" time="18.681"/>
  <system-out/>
  <testcase classname="CollectionAgency.AccountAllocation.AgentAccountAllocation_TestClass" name="Reset_Filters" time="8.900"/>
  <system-out/>
  <testcase classname="CollectionAgency.AccountAllocation.AgentAccountAllocation_TestClass" name="Allocate_Accounts" time="33.333"/>
  <system-out/>
  <testcase classname="CollectionAgency.AccountAllocation.AgentAccountAllocation_TestClass" name="Verify_Allocated_Accounts" time="16.755"/>
  <system-out/>
  <testcase classname="CollectionAgency.AccountAllocation.AgentAccountAllocation_TestClass" name="Download_Grid_Data" time="11.632"/>
  <system-out/>
  <testcase classname="CollectionAgency.AccountAllocation.AgentAccountAllocation_TestClass" name="Deallocate_Accounts" time="9.139"/>
  <system-out/>
  <testcase classname="CollectionAgency.AccountAllocation.AgentAccountAllocation_TestClass" name="Open_Allocated_List_Popup" time="4.017"/>
  <system-out/>
  <testcase classname="CollectionAgency.AccountAllocation.AgentAccountAllocation_TestClass" name="Filter_Allocated_List_Action_Date" time="4.562"/>
  <system-out/>
  <testcase classname="CollectionAgency.AccountAllocation.AgentAccountAllocation_TestClass" name="Reset_Allocated_List_Filters" time="3.309"/>
  <system-out/>
  <testcase classname="CollectionAgency.AccountAllocation.AgentAccountAllocation_TestClass" name="Download_Allocated_List_Data" time="10.462"/>
  <system-out/>
  <testcase classname="CollectionAgency.AccountAllocation.AgentAccountAllocation_TestClass" name="Close_Allocated_List_Popup" time="3.223"/>
  <system-out/>
  <testcase classname="CollectionAgency.AccountAllocation.AgentAccountAllocation_TestClass" name="Close_Main_Page" time="3.702"/>
  <system-out/>
</testsuite> <!-- CollectionAgency.AccountAllocation.AgentAccountAllocation_TestClass -->
