<?xml version="1.0" encoding="UTF-8"?>
<!-- Generated by org.testng.reporters.JUnitReportReporter -->
<testsuite hostname="TVMSPRMSPERFDB" failures="0" tests="45" name="Core.Disposition.Disposition_Master_Test" time="268.553" errors="0" timestamp="2025-05-13T05:21:00 IST" skipped="0">
  <testcase classname="Core.Disposition.Disposition_Master_Test" name="Verify_Disposition_Master_Navigation" time="16.743"/>
  <system-out/>
  <testcase classname="Core.Disposition.Disposition_Master_Test" name="Verify_Initial_Load_of_Active_Dispositions" time="33.112"/>
  <system-out/>
  <testcase classname="Core.Disposition.Disposition_Master_Test" name="Action_Owner_Dropdown_Selections" time="3.544"/>
  <system-out/>
  <testcase classname="Core.Disposition.Disposition_Master_Test" name="Verify_Is_Active_Checkbox_Default_State" time="3.050"/>
  <system-out/>
  <testcase classname="Core.Disposition.Disposition_Master_Test" name="Verify_Action_Column_Options" time="3.221"/>
  <system-out/>
  <testcase classname="Core.Disposition.Disposition_Master_Test" name="Verify_Status_Column_Appearance" time="3.181"/>
  <system-out/>
  <testcase classname="Core.Disposition.Disposition_Master_Test" name="Validate_Pagination__Initial_Load" time="3.178"/>
  <system-out/>
  <testcase classname="Core.Disposition.Disposition_Master_Test" name="Validate_Next_Button" time="4.347"/>
  <system-out/>
  <testcase classname="Core.Disposition.Disposition_Master_Test" name="Validate_Previous_Button" time="3.826"/>
  <system-out/>
  <testcase classname="Core.Disposition.Disposition_Master_Test" name="Validate_Button__Jump_to_Last_Page" time="13.811"/>
  <system-out/>
  <testcase classname="Core.Disposition.Disposition_Master_Test" name="Validate_Button__Jump_to_First_Page" time="3.833"/>
  <system-out/>
  <testcase classname="Core.Disposition.Disposition_Master_Test" name="Open_Add_Disposition_Form" time="3.469"/>
  <system-out/>
  <testcase classname="Core.Disposition.Disposition_Master_Test" name="Close_Add_Disposition_Form" time="3.208"/>
  <system-out/>
  <testcase classname="Core.Disposition.Disposition_Master_Test" name="Add_Disposition__Submit_with_All_Fields_Valid" time="4.917"/>
  <system-out/>
  <testcase classname="Core.Disposition.Disposition_Master_Test" name="Test_Disposition_Grid_Visibility" time="3.158"/>
  <system-out/>
  <testcase classname="Core.Disposition.Disposition_Master_Test" name="Action_Owner_Multi_select_Functionality" time="4.199"/>
  <system-out/>
  <testcase classname="Core.Disposition.Disposition_Master_Test" name="Asset_Category_Multi_select_Functionality" time="3.390"/>
  <system-out/>
  <testcase classname="Core.Disposition.Disposition_Master_Test" name="Select_All_Functionality__Action_Owner" time="4.022"/>
  <system-out/>
  <testcase classname="Core.Disposition.Disposition_Master_Test" name="Deselecting_Via_Multi_select__Action_Owner" time="3.117"/>
  <system-out/>
  <testcase classname="Core.Disposition.Disposition_Master_Test" name="Select_All_Functionality__Asset_Category" time="3.215"/>
  <system-out/>
  <testcase classname="Core.Disposition.Disposition_Master_Test" name="Deselecting_Via_Multi_select__Asset_Category" time="3.121"/>
  <system-out/>
  <testcase classname="Core.Disposition.Disposition_Master_Test" name="Verify_Add_Disposition_without_Selection" time="3.959"/>
  <system-out/>
  <testcase classname="Core.Disposition.Disposition_Master_Test" name="Add_Disposition_with_Existing_Name" time="4.903"/>
  <system-out/>
  <testcase classname="Core.Disposition.Disposition_Master_Test" name="Edit_Disposition_Popup_Display" time="6.551"/>
  <system-out/>
  <testcase classname="Core.Disposition.Disposition_Master_Test" name="Update_Without_Changes" time="3.725"/>
  <system-out/>
  <testcase classname="Core.Disposition.Disposition_Master_Test" name="Verify_Add_Disposition_with_Valid_Data" time="6.559"/>
  <system-out/>
  <testcase classname="Core.Disposition.Disposition_Master_Test" name="Change_Name_to_Existing_and_Update" time="4.711"/>
  <system-out/>
  <testcase classname="Core.Disposition.Disposition_Master_Test" name="Edit_and_Verify_Disposition_Changes" time="12.373"/>
  <system-out/>
  <testcase classname="Core.Disposition.Disposition_Master_Test" name="Deactivate_Disposition" time="4.384"/>
  <system-out/>
  <testcase classname="Core.Disposition.Disposition_Master_Test" name="Search_Deactivated_Disposition" time="4.461"/>
  <system-out/>
  <testcase classname="Core.Disposition.Disposition_Master_Test" name="Activate_Deactivated_Disposition" time="4.356"/>
  <system-out/>
  <testcase classname="Core.Disposition.Disposition_Master_Test" name="Search_Active_Disposition" time="4.359"/>
  <system-out/>
  <testcase classname="Core.Disposition.Disposition_Master_Test" name="Verify_Sub_Disposition_Tab_UI_Elements" time="3.275"/>
  <system-out/>
  <testcase classname="Core.Disposition.Disposition_Master_Test" name="Verify_Add_Sub_Disposition_Popup" time="3.356"/>
  <system-out/>
  <testcase classname="Core.Disposition.Disposition_Master_Test" name="Close_Add_Sub_Disposition_Popup" time="3.141"/>
  <system-out/>
  <testcase classname="Core.Disposition.Disposition_Master_Test" name="Add_New_Sub_Disposition" time="8.996"/>
  <system-out/>
  <testcase classname="Core.Disposition.Disposition_Master_Test" name="Add_Duplicate_Sub_Disposition" time="9.012"/>
  <system-out/>
  <testcase classname="Core.Disposition.Disposition_Master_Test" name="Edit_Sub_Disposition_Popup_Display" time="5.847"/>
  <system-out/>
  <testcase classname="Core.Disposition.Disposition_Master_Test" name="Update_Sub_Disposition_Without_Changes" time="4.603"/>
  <system-out/>
  <testcase classname="Core.Disposition.Disposition_Master_Test" name="Update_Sub_Disposition_with_Duplicate_Name" time="5.527"/>
  <system-out/>
  <testcase classname="Core.Disposition.Disposition_Master_Test" name="Update_Sub_Disposition_Successfully" time="7.653"/>
  <system-out/>
  <testcase classname="Core.Disposition.Disposition_Master_Test" name="Deactivate_Sub_Disposition" time="6.491"/>
  <system-out/>
  <testcase classname="Core.Disposition.Disposition_Master_Test" name="Search_Deactivated_Sub_Disposition" time="6.575"/>
  <system-out/>
  <testcase classname="Core.Disposition.Disposition_Master_Test" name="Reactivate_Sub_Disposition" time="4.479"/>
  <system-out/>
  <testcase classname="Core.Disposition.Disposition_Master_Test" name="Search_Active_Sub_Disposition" time="11.595"/>
  <system-out/>
</testsuite> <!-- Core.Disposition.Disposition_Master_Test -->
