<?xml version="1.0" encoding="UTF-8"?>
<!-- Generated by org.testng.reporters.JUnitReportReporter -->
<testsuite hostname="SPTVMLAP-2029" failures="0" tests="1" name="com.test.LoginTest.CoreLoginTest" time="123.952" errors="0" timestamp="2025-01-17T16:36:55 IST" skipped="0">
  <testcase classname="com.test.LoginTest.CoreLoginTest" name="RUNALL" time="123.952"/>
  <system-out/>
</testsuite> <!-- com.test.LoginTest.CoreLoginTest -->
