<?xml version="1.0" encoding="UTF-8"?>
<!-- Generated by org.testng.reporters.JUnitReportReporter -->
<testsuite hostname="TVMSPRMSPERFDB" failures="0" tests="31" name="Core.CollectionAgency.AgentAccountAllocation_TestClass" time="833.731" errors="0" timestamp="2025-04-24T11:50:25 IST" skipped="0">
  <testcase classname="Core.CollectionAgency.AgentAccountAllocation_TestClass" name="testUpdateProperties" time="1.782"/>
  <system-out/>
  <testcase classname="Core.CollectionAgency.AgentAccountAllocation_TestClass" name="UpdateDataInDB" time="3.483"/>
  <system-out/>
  <testcase classname="Core.CollectionAgency.AgentAccountAllocation_TestClass" name="DeleteDataInDB" time="2.139"/>
  <system-out/>
  <testcase classname="Core.CollectionAgency.AgentAccountAllocation_TestClass" name="LogInToApp" time="83.495"/>
  <system-out/>
  <testcase classname="Core.CollectionAgency.AgentAccountAllocation_TestClass" name="NavigationToAgencyAccountAllocation" time="22.026"/>
  <system-out/>
  <testcase classname="Core.CollectionAgency.AgentAccountAllocation_TestClass" name="AccountTypeDropdownBasicFunctionality" time="87.183"/>
  <system-out/>
  <testcase classname="Core.CollectionAgency.AgentAccountAllocation_TestClass" name="AssetCategoryDropdownBasicFunctionality" time="19.369"/>
  <system-out/>
  <testcase classname="Core.CollectionAgency.AgentAccountAllocation_TestClass" name="SMACategoryActivation" time="29.738"/>
  <system-out/>
  <testcase classname="Core.CollectionAgency.AgentAccountAllocation_TestClass" name="NPACategoryActivation" time="54.350"/>
  <system-out/>
  <testcase classname="Core.CollectionAgency.AgentAccountAllocation_TestClass" name="zoneDropdownBasicFunctionality" time="28.180"/>
  <system-out/>
  <testcase classname="Core.CollectionAgency.AgentAccountAllocation_TestClass" name="zoneandRegionDropdownDependencyTest" time="32.636"/>
  <system-out/>
  <testcase classname="Core.CollectionAgency.AgentAccountAllocation_TestClass" name="RegionandBranchDependency" time="31.975"/>
  <system-out/>
  <testcase classname="Core.CollectionAgency.AgentAccountAllocation_TestClass" name="SetDPDValue" time="18.622"/>
  <system-out/>
  <testcase classname="Core.CollectionAgency.AgentAccountAllocation_TestClass" name="SearchButtonFunctionality" time="28.093"/>
  <system-out/>
  <testcase classname="Core.CollectionAgency.AgentAccountAllocation_TestClass" name="OutputGridDataVerification" time="4.538"/>
  <system-out/>
  <testcase classname="Core.CollectionAgency.AgentAccountAllocation_TestClass" name="AllocationDateNonEditability" time="3.591"/>
  <system-out/>
  <testcase classname="Core.CollectionAgency.AgentAccountAllocation_TestClass" name="AllocateButtonFunctionality" time="36.917"/>
  <system-out/>
  <testcase classname="Core.CollectionAgency.AgentAccountAllocation_TestClass" name="VerifyAllocatedAccountsInDBTable" time="4.094"/>
  <system-out/>
  <testcase classname="Core.CollectionAgency.AgentAccountAllocation_TestClass" name="VerifyAllocatedListButtonispresent" time="3.533"/>
  <system-out/>
  <testcase classname="Core.CollectionAgency.AgentAccountAllocation_TestClass" name="VerifyPopupOpenswhenclickonAllocatedListbutton" time="34.663"/>
  <system-out/>
  <testcase classname="Core.CollectionAgency.AgentAccountAllocation_TestClass" name="AgencyNameDropdownBasicFunctionality" time="35.208"/>
  <system-out/>
  <testcase classname="Core.CollectionAgency.AgentAccountAllocation_TestClass" name="ActionDateFromPicker" time="3.529"/>
  <system-out/>
  <testcase classname="Core.CollectionAgency.AgentAccountAllocation_TestClass" name="ActionDateToPicker" time="3.528"/>
  <system-out/>
  <testcase classname="Core.CollectionAgency.AgentAccountAllocation_TestClass" name="SearchButtonBasicFunctionality" time="7.730"/>
  <system-out/>
  <testcase classname="Core.CollectionAgency.AgentAccountAllocation_TestClass" name="ValidateOutputColumnsInGrid" time="3.825"/>
  <system-out/>
  <testcase classname="Core.CollectionAgency.AgentAccountAllocation_TestClass" name="DownloadExcelButtonEnabledOnlyWhenSelected_ValidateDataExcelFilename" time="12.075"/>
  <system-out/>
  <testcase classname="Core.CollectionAgency.AgentAccountAllocation_TestClass" name="ResetButtonClearFilters" time="28.566"/>
  <system-out/>
  <testcase classname="Core.CollectionAgency.AgentAccountAllocation_TestClass" name="DownloadExcelDisabledWhenNoSelection" time="3.572"/>
  <system-out/>
  <testcase classname="Core.CollectionAgency.AgentAccountAllocation_TestClass" name="InvalidSearchwithEmptyFields" time="7.892"/>
  <system-out/>
  <testcase classname="Core.CollectionAgency.AgentAccountAllocation_TestClass" name="CloseAllocatedListPopup" time="8.046"/>
  <system-out/>
  <testcase classname="Core.CollectionAgency.AgentAccountAllocation_TestClass" name="VerifyDeallocatedAccountsFunctionality" time="189.353"/>
  <system-out/>
</testsuite> <!-- Core.CollectionAgency.AgentAccountAllocation_TestClass -->
