<?xml version="1.0" encoding="UTF-8"?>
<!-- Generated by org.testng.reporters.JUnitReportReporter -->
<testsuite hostname="SPTVMLAP-2631" failures="0" tests="19" name="CollectionAgency.AccountAllocation.AgentAccountAllocation_TestClass" time="730.196" errors="1" timestamp="2025-05-10T22:00:34 IST" skipped="18">
  <testcase classname="CollectionAgency.AccountAllocation.AgentAccountAllocation_TestClass" name="SetUp" time="730.196">
    <error message="no such window: target window already closed
from unknown error: web view not found
  (Session info: chrome=136.0.7103.93)
Build info: version: &#039;4.13.0&#039;, revision: &#039;ba948ece5b*&#039;
System info: os.name: &#039;Windows 11&#039;, os.arch: &#039;amd64&#039;, os.version: &#039;10.0&#039;, java.version: &#039;22&#039;
Driver info: org.openqa.selenium.chrome.ChromeDriver
Command: [d94b855847d8689818cb8530909d948f, findElement {using=xpath, value=//span[@class=&#039;emailuser&#039;]}]
Capabilities {acceptInsecureCerts: false, browserName: chrome, browserVersion: 136.0.7103.93, chrome: {chromedriverVersion: 136.0.7103.92 (cb81a4cc5087..., userDataDir: C:\Users\VIJAYA~1.A\AppData...}, fedcm:accounts: true, goog:chromeOptions: {debuggerAddress: localhost:56377}, networkConnectionEnabled: false, pageLoadStrategy: normal, platformName: windows, proxy: Proxy(), se:cdp: ws://localhost:56377/devtoo..., se:cdpVersion: 136.0.7103.93, setWindowRect: true, strictFileInteractability: false, timeouts: {implicit: 0, pageLoad: 300000, script: 30000}, unhandledPromptBehavior: dismiss and notify, webauthn:extension:credBlob: true, webauthn:extension:largeBlob: true, webauthn:extension:minPinLength: true, webauthn:extension:prf: true, webauthn:virtualAuthenticators: true}
Session ID: d94b855847d8689818cb8530909d948f" type="org.openqa.selenium.NoSuchWindowException">
      <![CDATA[org.openqa.selenium.NoSuchWindowException: no such window: target window already closed
from unknown error: web view not found
  (Session info: chrome=136.0.7103.93)
Build info: version: '4.13.0', revision: 'ba948ece5b*'
System info: os.name: 'Windows 11', os.arch: 'amd64', os.version: '10.0', java.version: '22'
Driver info: org.openqa.selenium.chrome.ChromeDriver
Command: [d94b855847d8689818cb8530909d948f, findElement {using=xpath, value=//span[@class='emailuser']}]
Capabilities {acceptInsecureCerts: false, browserName: chrome, browserVersion: 136.0.7103.93, chrome: {chromedriverVersion: 136.0.7103.92 (cb81a4cc5087..., userDataDir: C:\Users\VIJAYA~1.A\AppData...}, fedcm:accounts: true, goog:chromeOptions: {debuggerAddress: localhost:56377}, networkConnectionEnabled: false, pageLoadStrategy: normal, platformName: windows, proxy: Proxy(), se:cdp: ws://localhost:56377/devtoo..., se:cdpVersion: 136.0.7103.93, setWindowRect: true, strictFileInteractability: false, timeouts: {implicit: 0, pageLoad: 300000, script: 30000}, unhandledPromptBehavior: dismiss and notify, webauthn:extension:credBlob: true, webauthn:extension:largeBlob: true, webauthn:extension:minPinLength: true, webauthn:extension:prf: true, webauthn:virtualAuthenticators: true}
Session ID: d94b855847d8689818cb8530909d948f
at java.base/jdk.internal.reflect.DirectConstructorHandleAccessor.newInstance(DirectConstructorHandleAccessor.java:62)
at java.base/java.lang.reflect.Constructor.newInstanceWithCaller(Constructor.java:502)
at java.base/java.lang.reflect.Constructor.newInstance(Constructor.java:486)
at org.openqa.selenium.remote.codec.w3c.W3CHttpResponseCodec.createException(W3CHttpResponseCodec.java:200)
at org.openqa.selenium.remote.codec.w3c.W3CHttpResponseCodec.decode(W3CHttpResponseCodec.java:133)
at org.openqa.selenium.remote.codec.w3c.W3CHttpResponseCodec.decode(W3CHttpResponseCodec.java:52)
at org.openqa.selenium.remote.HttpCommandExecutor.execute(HttpCommandExecutor.java:191)
at org.openqa.selenium.remote.service.DriverCommandExecutor.invokeExecute(DriverCommandExecutor.java:196)
at org.openqa.selenium.remote.service.DriverCommandExecutor.execute(DriverCommandExecutor.java:171)
at org.openqa.selenium.remote.RemoteWebDriver.execute(RemoteWebDriver.java:602)
at org.openqa.selenium.remote.ElementLocation$ElementFinder$2.findElement(ElementLocation.java:165)
at org.openqa.selenium.remote.ElementLocation.findElement(ElementLocation.java:59)
at org.openqa.selenium.remote.RemoteWebDriver.findElement(RemoteWebDriver.java:359)
at org.openqa.selenium.remote.RemoteWebDriver.findElement(RemoteWebDriver.java:353)
at com.BasePackage.Login_Class.CoreLogin(Login_Class.java:188)
at CollectionAgency.AccountAllocation.AgentAccountAllocation_TestClass.SetUp(AgentAccountAllocation_TestClass.java:63)
at java.base/jdk.internal.reflect.DirectMethodHandleAccessor.invoke(DirectMethodHandleAccessor.java:103)
at java.base/java.lang.reflect.Method.invoke(Method.java:580)
at org.testng.internal.MethodInvocationHelper.invokeMethod(MethodInvocationHelper.java:132)
at org.testng.internal.MethodInvocationHelper.invokeMethodConsideringTimeout(MethodInvocationHelper.java:61)
at org.testng.internal.ConfigInvoker.invokeConfigurationMethod(ConfigInvoker.java:366)
at org.testng.internal.ConfigInvoker.invokeConfigurations(ConfigInvoker.java:320)
at org.testng.internal.TestMethodWorker.invokeBeforeClassMethods(TestMethodWorker.java:176)
at org.testng.internal.TestMethodWorker.run(TestMethodWorker.java:122)
at java.base/java.util.ArrayList.forEach(ArrayList.java:1597)
at org.testng.TestRunner.privateRun(TestRunner.java:764)
at org.testng.TestRunner.run(TestRunner.java:585)
at org.testng.SuiteRunner.runTest(SuiteRunner.java:384)
at org.testng.SuiteRunner.runSequentially(SuiteRunner.java:378)
at org.testng.SuiteRunner.privateRun(SuiteRunner.java:337)
at org.testng.SuiteRunner.run(SuiteRunner.java:286)
at org.testng.SuiteRunnerWorker.runSuite(SuiteRunnerWorker.java:53)
at org.testng.SuiteRunnerWorker.run(SuiteRunnerWorker.java:96)
at org.testng.TestNG.runSuitesSequentially(TestNG.java:1218)
at org.testng.TestNG.runSuitesLocally(TestNG.java:1140)
at org.testng.TestNG.runSuites(TestNG.java:1069)
at org.testng.TestNG.run(TestNG.java:1037)
at org.testng.remote.AbstractRemoteTestNG.run(AbstractRemoteTestNG.java:115)
at org.testng.remote.RemoteTestNG.initAndRun(RemoteTestNG.java:293)
at org.testng.remote.RemoteTestNG.main(RemoteTestNG.java:91)
]]>
    </error>
  </testcase> <!-- SetUp -->
  <system-out/>
  <testcase classname="CollectionAgency.AccountAllocation.AgentAccountAllocation_TestClass" name="Login_to_core_application_and_navigate_to_agency_account_agency_menu" time="0.000">
    <skipped/>
  </testcase> <!-- Login_to_core_application_and_navigate_to_agency_account_agency_menu -->
  <system-out/>
  <testcase classname="CollectionAgency.AccountAllocation.AgentAccountAllocation_TestClass" name="Truncate_mst_col_agency_acc_allocated_and_delete_data_from_trn_account_followup_where_disposition_date__today" time="0.000">
    <skipped/>
  </testcase> <!-- Truncate_mst_col_agency_acc_allocated_and_delete_data_from_trn_account_followup_where_disposition_date__today -->
  <system-out/>
  <testcase classname="CollectionAgency.AccountAllocation.AgentAccountAllocation_TestClass" name="Verify_that_the_Excel_file_is_successfully_downloaded_and_contains_the_details_of_the_chosen_account" time="0.000">
    <skipped/>
  </testcase> <!-- Verify_that_the_Excel_file_is_successfully_downloaded_and_contains_the_details_of_the_chosen_account -->
  <system-out/>
  <testcase classname="CollectionAgency.AccountAllocation.AgentAccountAllocation_TestClass" name="Allocating_accounts_to_collection_agency" time="0.000">
    <skipped/>
  </testcase> <!-- Allocating_accounts_to_collection_agency -->
  <system-out/>
  <testcase classname="CollectionAgency.AccountAllocation.AgentAccountAllocation_TestClass" name="Login_to_allocated_collection_agency_from_collection_agency_application" time="0.000">
    <skipped/>
  </testcase> <!-- Login_to_allocated_collection_agency_from_collection_agency_application -->
  <system-out/>
  <testcase classname="CollectionAgency.AccountAllocation.AgentAccountAllocation_TestClass" name="verify_agent_account_allocation_page_is_available" time="0.000">
    <skipped/>
  </testcase> <!-- verify_agent_account_allocation_page_is_available -->
  <system-out/>
  <testcase classname="CollectionAgency.AccountAllocation.AgentAccountAllocation_TestClass" name="Filter_Asset_Category" time="0.000">
    <skipped/>
  </testcase> <!-- Filter_Asset_Category -->
  <system-out/>
  <testcase classname="CollectionAgency.AccountAllocation.AgentAccountAllocation_TestClass" name="Reset_Filters" time="0.000">
    <skipped/>
  </testcase> <!-- Reset_Filters -->
  <system-out/>
  <testcase classname="CollectionAgency.AccountAllocation.AgentAccountAllocation_TestClass" name="Allocate_Accounts" time="0.000">
    <skipped/>
  </testcase> <!-- Allocate_Accounts -->
  <system-out/>
  <testcase classname="CollectionAgency.AccountAllocation.AgentAccountAllocation_TestClass" name="Verify_Allocated_Accounts" time="0.000">
    <skipped/>
  </testcase> <!-- Verify_Allocated_Accounts -->
  <system-out/>
  <testcase classname="CollectionAgency.AccountAllocation.AgentAccountAllocation_TestClass" name="Download_Grid_Data" time="0.000">
    <skipped/>
  </testcase> <!-- Download_Grid_Data -->
  <system-out/>
  <testcase classname="CollectionAgency.AccountAllocation.AgentAccountAllocation_TestClass" name="Deallocate_Accounts" time="0.000">
    <skipped/>
  </testcase> <!-- Deallocate_Accounts -->
  <system-out/>
  <testcase classname="CollectionAgency.AccountAllocation.AgentAccountAllocation_TestClass" name="Open_Allocated_List_Popup" time="0.000">
    <skipped/>
  </testcase> <!-- Open_Allocated_List_Popup -->
  <system-out/>
  <testcase classname="CollectionAgency.AccountAllocation.AgentAccountAllocation_TestClass" name="Filter_Allocated_List_Action_Date" time="0.000">
    <skipped/>
  </testcase> <!-- Filter_Allocated_List_Action_Date -->
  <system-out/>
  <testcase classname="CollectionAgency.AccountAllocation.AgentAccountAllocation_TestClass" name="Reset_Allocated_List_Filters" time="0.000">
    <skipped/>
  </testcase> <!-- Reset_Allocated_List_Filters -->
  <system-out/>
  <testcase classname="CollectionAgency.AccountAllocation.AgentAccountAllocation_TestClass" name="Download_Allocated_List_Data" time="0.000">
    <skipped/>
  </testcase> <!-- Download_Allocated_List_Data -->
  <system-out/>
  <testcase classname="CollectionAgency.AccountAllocation.AgentAccountAllocation_TestClass" name="Close_Allocated_List_Popup" time="0.000">
    <skipped/>
  </testcase> <!-- Close_Allocated_List_Popup -->
  <system-out/>
  <testcase classname="CollectionAgency.AccountAllocation.AgentAccountAllocation_TestClass" name="Close_Main_Page" time="0.000">
    <skipped/>
  </testcase> <!-- Close_Main_Page -->
  <system-out/>
</testsuite> <!-- CollectionAgency.AccountAllocation.AgentAccountAllocation_TestClass -->
