<?xml version="1.0" encoding="UTF-8"?>
<!-- Generated by org.testng.reporters.JUnitReportReporter -->
<testsuite hostname="TVMSPRMSPERFDB" name="Core.SecurityManagement.UserManagement_TC" tests="23" failures="0" timestamp="22 Jan 2025 15:28:27 GMT" time="1202.167" errors="1">
  <testcase name="User_search_page__Default_State_of_IsActive_Checkbox" time="0.003" classname="Core.SecurityManagement.UserManagement_TC"/>
  <testcase name="Test_Redirect_to_Add_New_User_Page" time="7.183" classname="Core.SecurityManagement.UserManagement_TC"/>
  <testcase name="Add_new_user___Name_Field___ECP_Validations_Alphabetic_inputs" time="237.600" classname="Core.SecurityManagement.UserManagement_TC"/>
  <testcase name="Add_new_user_page__Organization_Type_Selection_as_Zone_Co__Display_Head_office_and_Zone_CO_drop_down_fields" time="11.307" classname="Core.SecurityManagement.UserManagement_TC"/>
  <testcase name="Add_new_user___User_already_exists_case" time="56.700" classname="Core.SecurityManagement.UserManagement_TC"/>
  <testcase name="Create_Head_Office_User___Valid_Inputs___Successful_user_creation" time="97.775" classname="Core.SecurityManagement.UserManagement_TC">
    <error type="java.lang.NullPointerException">
      <![CDATA[java.lang.NullPointerException
	at Core.SecurityManagement.UserManagement_Page.FetchTableNameValue(UserManagement_Page.java:445)
	at Core.SecurityManagement.UserManagement_TC.Create_Head_Office_User___Valid_Inputs___Successful_user_creation(UserManagement_TC.java:802)
	at sun.reflect.NativeMethodAccessorImpl.invoke0(Native Method)
	at sun.reflect.NativeMethodAccessorImpl.invoke(Unknown Source)
	at sun.reflect.DelegatingMethodAccessorImpl.invoke(Unknown Source)
	at java.lang.reflect.Method.invoke(Unknown Source)
	at org.testng.internal.MethodInvocationHelper.invokeMethod(MethodInvocationHelper.java:86)
	at org.testng.internal.Invoker.invokeMethod(Invoker.java:643)
	at org.testng.internal.Invoker.invokeTestMethod(Invoker.java:820)
	at org.testng.internal.Invoker.invokeTestMethods(Invoker.java:1128)
	at org.testng.internal.TestMethodWorker.invokeTestMethods(TestMethodWorker.java:129)
	at org.testng.internal.TestMethodWorker.run(TestMethodWorker.java:112)
	at org.testng.TestRunner.privateRun(TestRunner.java:782)
	at org.testng.TestRunner.run(TestRunner.java:632)
	at org.testng.SuiteRunner.runTest(SuiteRunner.java:366)
	at org.testng.SuiteRunner.runSequentially(SuiteRunner.java:361)
	at org.testng.SuiteRunner.privateRun(SuiteRunner.java:319)
	at org.testng.SuiteRunner.run(SuiteRunner.java:268)
	at org.testng.SuiteRunnerWorker.runSuite(SuiteRunnerWorker.java:52)
	at org.testng.SuiteRunnerWorker.run(SuiteRunnerWorker.java:86)
	at org.testng.TestNG.runSuitesSequentially(TestNG.java:1246)
	at org.testng.TestNG.runSuitesLocally(TestNG.java:1171)
	at org.testng.TestNG.run(TestNG.java:1066)
	at org.testng.remote.RemoteTestNG.run(RemoteTestNG.java:113)
	at org.testng.remote.RemoteTestNG.initAndRun(RemoteTestNG.java:206)
	at org.testng.remote.RemoteTestNG.main(RemoteTestNG.java:177)
]]>
    </error>
  </testcase> <!-- Create_Head_Office_User___Valid_Inputs___Successful_user_creation -->
  <testcase name="Add_new_user_page___Enter_and_select_inputs_for_all_fields_except_role_drop_down_and_click_on_submit_button" time="55.619" classname="Core.SecurityManagement.UserManagement_TC"/>
  <testcase name="Add_new_user_page__Organization_Type_Selection_as_Branch__Display_Head_office_ZoneCO_Region_and_Branch_drop_down_fields" time="14.937" classname="Core.SecurityManagement.UserManagement_TC"/>
  <testcase name="Add_new_user_page__Enter_and_select_inputs_for_all_fields_except_organization_type_drop_down_and_click_on_submit_button" time="40.416" classname="Core.SecurityManagement.UserManagement_TC"/>
  <testcase name="User_search_page_Pagination_of_Active_users_Second_page_button_functionality_and_data_checking" time="4.200" classname="Core.SecurityManagement.UserManagement_TC"/>
  <testcase name="Create_Head_Office_User___No_Head_Office_Selected___Error_message_validation" time="56.904" classname="Core.SecurityManagement.UserManagement_TC"/>
  <testcase name="Add_new_user_page__Enter_and_select_inputs_for_all_fields_except_Phone_number_Field_and_click_on_submit_button" time="71.733" classname="Core.SecurityManagement.UserManagement_TC"/>
  <testcase name="User_search_page_Pagination_of_Active_users_Last_page_button_functionality_and_data_checking" time="4.659" classname="Core.SecurityManagement.UserManagement_TC"/>
  <testcase name="Add_new_user_page___Invalid_Email_Format_missing_At_Or_DomainName" time="140.305" classname="Core.SecurityManagement.UserManagement_TC"/>
  <testcase name="Add_new_user_page__Organization_Type_Selection_as_Region__Display_Head_office_ZoneCO_and_Region_drop_down_fields" time="14.854" classname="Core.SecurityManagement.UserManagement_TC"/>
  <testcase name="Add_new_user_page__Enter_and_select_inputs_for_all_fields_except_Name_Field_and_click_on_submit_button" time="67.696" classname="Core.SecurityManagement.UserManagement_TC"/>
  <testcase name="Add_new_user_page_Organization_Type_Selection_as_Head_office_Display_Head_Office_Dropdown" time="34.735" classname="Core.SecurityManagement.UserManagement_TC"/>
  <testcase name="Add_new_user_page__Enter_and_select_inputs_for_all_fields_except_Email_Field_and_click_on_submit_button" time="68.204" classname="Core.SecurityManagement.UserManagement_TC"/>
  <testcase name="Add_new_user_page__Invalid_Phone_Number_Format__with_letters_and_digits" time="149.494" classname="Core.SecurityManagement.UserManagement_TC"/>
  <testcase name="Add_new_user_page___Submit_Without_Inputs" time="28.065" classname="Core.SecurityManagement.UserManagement_TC"/>
  <testcase name="User_search_page__Pagination_of_Active_users" time="0.328" classname="Core.SecurityManagement.UserManagement_TC"/>
  <testcase name="User_search_page_Pagination_of_Active_users_Previous_page_button_functionality_and_data_checking" time="14.541" classname="Core.SecurityManagement.UserManagement_TC"/>
  <testcase name="Navigation_to_User_Management_Page" time="24.909" classname="Core.SecurityManagement.UserManagement_TC"/>
</testsuite> <!-- Core.SecurityManagement.UserManagement_TC -->
