<?xml version="1.0" encoding="UTF-8"?>
<!-- Generated by org.testng.reporters.JUnitReportReporter -->
<testsuite hostname="TVMSPRMSPERFDB" failures="0" tests="12" name="CallCentre.SecurityManagement.RoleManagement_TestClass" time="191.303" errors="0" timestamp="2025-05-13T05:21:01 IST" skipped="0">
  <testcase classname="CallCentre.SecurityManagement.RoleManagement_TestClass" name="Login_to_Beacon_FCM_call_centre_application" time="0.101"/>
  <system-out/>
  <testcase classname="CallCentre.SecurityManagement.RoleManagement_TestClass" name="Navigation_to_Role_Management" time="14.479"/>
  <system-out/>
  <testcase classname="CallCentre.SecurityManagement.RoleManagement_TestClass" name="Verify_Role_Management_Fields_and_Buttons" time="0.155"/>
  <system-out/>
  <testcase classname="CallCentre.SecurityManagement.RoleManagement_TestClass" name="Add_New_Role_Open_Permission_Popup" time="16.626"/>
  <system-out/>
  <testcase classname="CallCentre.SecurityManagement.RoleManagement_TestClass" name="Save_Role_Without_Name" time="0.422"/>
  <system-out/>
  <testcase classname="CallCentre.SecurityManagement.RoleManagement_TestClass" name="Cancel_New_Role_Addition" time="16.240"/>
  <system-out/>
  <testcase classname="CallCentre.SecurityManagement.RoleManagement_TestClass" name="Add_Role_with_Valid_Data" time="33.151"/>
  <system-out/>
  <testcase classname="CallCentre.SecurityManagement.RoleManagement_TestClass" name="Search_for_Existing_Role" time="16.350"/>
  <system-out/>
  <testcase classname="CallCentre.SecurityManagement.RoleManagement_TestClass" name="Edit_Existing_Role_via_Action_Menu" time="16.533"/>
  <system-out/>
  <testcase classname="CallCentre.SecurityManagement.RoleManagement_TestClass" name="Update_Role_Functionalities" time="23.109"/>
  <system-out/>
  <testcase classname="CallCentre.SecurityManagement.RoleManagement_TestClass" name="Readd_Existing_Role" time="46.539"/>
  <system-out/>
  <testcase classname="CallCentre.SecurityManagement.RoleManagement_TestClass" name="Error_Guessing_Functionality_Not_Selected" time="7.598"/>
  <system-out/>
</testsuite> <!-- CallCentre.SecurityManagement.RoleManagement_TestClass -->
