<?xml version="1.0" encoding="UTF-8"?>
<!-- Generated by org.testng.reporters.JUnitReportReporter -->
<testsuite hostname="TVMSPRMSPERFDB" failures="0" tests="8" name="Core.AlertsandNotifications.AlertsPlaceholderManagement_TestClass" time="115.604" errors="0" timestamp="2025-05-13T05:21:01 IST" skipped="0">
  <testcase classname="Core.AlertsandNotifications.AlertsPlaceholderManagement_TestClass" name="Insert_New_Entry_All_Valid_Fields" time="3.476"/>
  <system-out/>
  <testcase classname="Core.AlertsandNotifications.AlertsPlaceholderManagement_TestClass" name="Successful_Login" time="80.702"/>
  <system-out/>
  <testcase classname="Core.AlertsandNotifications.AlertsPlaceholderManagement_TestClass" name="Access_Alerts_and_Notifications" time="8.156"/>
  <system-out/>
  <testcase classname="Core.AlertsandNotifications.AlertsPlaceholderManagement_TestClass" name="Access_Placeholder_Management" time="3.820"/>
  <system-out/>
  <testcase classname="Core.AlertsandNotifications.AlertsPlaceholderManagement_TestClass" name="Pagination_Controls_Display" time="8.086"/>
  <system-out/>
  <testcase classname="Core.AlertsandNotifications.AlertsPlaceholderManagement_TestClass" name="Paginate_to_Next_Page" time="3.718"/>
  <system-out/>
  <testcase classname="Core.AlertsandNotifications.AlertsPlaceholderManagement_TestClass" name="Paginate_to_Previous_Page" time="3.707"/>
  <system-out/>
  <testcase classname="Core.AlertsandNotifications.AlertsPlaceholderManagement_TestClass" name="Search_Placeholder" time="3.939"/>
  <system-out/>
</testsuite> <!-- Core.AlertsandNotifications.AlertsPlaceholderManagement_TestClass -->
