<?xml version="1.0" encoding="UTF-8"?>
<!-- Generated by org.testng.reporters.JUnitReportReporter -->
<testsuite hostname="TVMSPRMSPERFDB" name="com.CollectionAgency.SecurityManagement.RoleManagement_Test" tests="1" failures="0" timestamp="9 Jan 2025 09:51:49 GMT" time="351.844" errors="0">
  <testcase name="RUNALL" time="351.844" classname="com.CollectionAgency.SecurityManagement.RoleManagement_Test"/>
</testsuite> <!-- com.CollectionAgency.SecurityManagement.RoleManagement_Test -->
