<?xml version="1.0" encoding="UTF-8"?>
<!-- Generated by org.testng.reporters.JUnitReportReporter -->
<testsuite hostname="SPMUMLAP-043" failures="0" tests="10" name="Core.CallCentre.All_Scenrios_Core_Allocation_Summary_Test" time="169.244" errors="0" timestamp="2025-05-27T11:34:44 IST" skipped="0">
  <testcase classname="Core.CallCentre.All_Scenrios_Core_Allocation_Summary_Test" name="testLogin" time="54.444"/>
  <testcase classname="Core.CallCentre.All_Scenrios_Core_Allocation_Summary_Test" name="testVerifyAllocationSummarySubmenu" time="11.135"/>
  <testcase classname="Core.CallCentre.All_Scenrios_Core_Allocation_Summary_Test" name="testClickOnAllocationSummarySubmenu" time="4.979"/>
  <testcase classname="Core.CallCentre.All_Scenrios_Core_Allocation_Summary_Test" name="testVerifyFieldsAndButtonsOnAllocationSummary" time="2.899"/>
  <testcase classname="Core.CallCentre.All_Scenrios_Core_Allocation_Summary_Test" name="testSearchWithoutSelectingCallCentreDropdown" time="50.400"/>
  <testcase classname="Core.CallCentre.All_Scenrios_Core_Allocation_Summary_Test" name="testSearchWithSelectedCallCentre" time="0.327"/>
  <testcase classname="Core.CallCentre.All_Scenrios_Core_Allocation_Summary_Test" name="testDownloadMonthlyAllocationSummary" time="19.682"/>
  <testcase classname="Core.CallCentre.All_Scenrios_Core_Allocation_Summary_Test" name="testDataVerificationInDownloadedFile" time="3.789"/>
  <testcase classname="Core.CallCentre.All_Scenrios_Core_Allocation_Summary_Test" name="testDownloadDailyAllocationFromMonthlySummary" time="18.392"/>
  <testcase classname="Core.CallCentre.All_Scenrios_Core_Allocation_Summary_Test" name="testDataVerificationInDailyDownloadedFile" time="3.197"/>
</testsuite> <!-- Core.CallCentre.All_Scenrios_Core_Allocation_Summary_Test -->
