<?xml version="1.0" encoding="UTF-8"?>
<!-- Generated by org.testng.reporters.JUnitReportReporter -->
<testsuite hostname="SPMUMLAP-043" failures="0" tests="10" name="Core.CallCentre.All_Scenrios_Core_Allocation_Summary_Test" time="309.199" errors="0" timestamp="2025-05-30T15:48:31 IST" skipped="0">
  <testcase classname="Core.CallCentre.All_Scenrios_Core_Allocation_Summary_Test" name="testLogin" time="59.911"/>
  <testcase classname="Core.CallCentre.All_Scenrios_Core_Allocation_Summary_Test" name="testVerifyAllocationSummarySubmenu" time="8.483"/>
  <testcase classname="Core.CallCentre.All_Scenrios_Core_Allocation_Summary_Test" name="testClickOnAllocationSummarySubmenu" time="3.256"/>
  <testcase classname="Core.CallCentre.All_Scenrios_Core_Allocation_Summary_Test" name="testVerifyFieldsAndButtonsOnAllocationSummary" time="0.638"/>
  <testcase classname="Core.CallCentre.All_Scenrios_Core_Allocation_Summary_Test" name="testSearchWithoutSelectingCallCentreDropdown" time="50.405"/>
  <testcase classname="Core.CallCentre.All_Scenrios_Core_Allocation_Summary_Test" name="testSearchWithSelectedCallCentre" time="0.314"/>
  <testcase classname="Core.CallCentre.All_Scenrios_Core_Allocation_Summary_Test" name="testDownloadMonthlyAllocationSummary" time="71.114"/>
  <testcase classname="Core.CallCentre.All_Scenrios_Core_Allocation_Summary_Test" name="testDataVerificationInDownloadedFile" time="29.023"/>
  <testcase classname="Core.CallCentre.All_Scenrios_Core_Allocation_Summary_Test" name="testDownloadDailyAllocationFromMonthlySummary" time="56.793"/>
  <testcase classname="Core.CallCentre.All_Scenrios_Core_Allocation_Summary_Test" name="testDataVerificationInDailyDownloadedFile" time="29.262"/>
</testsuite> <!-- Core.CallCentre.All_Scenrios_Core_Allocation_Summary_Test -->
