<?xml version="1.0" encoding="UTF-8"?>
<!-- Generated by org.testng.reporters.JUnitReportReporter -->
<testsuite hostname="SPMUMLAP-043" failures="0" tests="8" name="com.test.CollectionAgency_AllocationSummary.All_Scenrios_CollectionAgency_Allocation_Summary_Test" time="1079.468" errors="0" timestamp="2025-06-09T18:13:39 IST" skipped="0">
  <testcase classname="com.test.CollectionAgency_AllocationSummary.All_Scenrios_CollectionAgency_Allocation_Summary_Test" name="testLoginAndNavigateToDashboard" time="63.387"/>
  <testcase classname="com.test.CollectionAgency_AllocationSummary.All_Scenrios_CollectionAgency_Allocation_Summary_Test" name="testGridColumnsDisplay" time="40.800"/>
  <testcase classname="com.test.CollectionAgency_AllocationSummary.All_Scenrios_CollectionAgency_Allocation_Summary_Test" name="testDownloadAccountDetails" time="19.260"/>
  <testcase classname="com.test.CollectionAgency_AllocationSummary.All_Scenrios_CollectionAgency_Allocation_Summary_Test" name="testEmptyGridError" time="10.515"/>
  <testcase classname="com.test.CollectionAgency_AllocationSummary.All_Scenrios_CollectionAgency_Allocation_Summary_Test" name="testAgentCretion" time="49.729"/>
  <testcase classname="com.test.CollectionAgency_AllocationSummary.All_Scenrios_CollectionAgency_Allocation_Summary_Test" name="testAgenyAllocationEndToEnd" time="202.473"/>
  <testcase classname="com.test.CollectionAgency_AllocationSummary.All_Scenrios_CollectionAgency_Allocation_Summary_Test" name="testAgentAllocationEndToEnd" time="597.941"/>
  <testcase classname="com.test.CollectionAgency_AllocationSummary.All_Scenrios_CollectionAgency_Allocation_Summary_Test" name="testDownloadedFileFormat" time="95.363"/>
</testsuite> <!-- com.test.CollectionAgency_AllocationSummary.All_Scenrios_CollectionAgency_Allocation_Summary_Test -->
