<?xml version="1.0" encoding="UTF-8"?>
<!-- Generated by org.testng.reporters.JUnitReportReporter -->
<testsuite hostname="TVMSPRMSPERFDB" failures="0" tests="17" name="CollectionAgency.Disposition.CollectionAgencyDisposition_TestClass" time="197.631" errors="0" timestamp="2025-05-13T05:21:01 IST" skipped="0">
  <testcase classname="CollectionAgency.Disposition.CollectionAgencyDisposition_TestClass" name="Login_to_core_application_and_navigate_to_agency_account_agency_menu" time="14.863"/>
  <system-out/>
  <testcase classname="CollectionAgency.Disposition.CollectionAgencyDisposition_TestClass" name="Truncate_mst_col_agency_acc_allocated_and_delete_data_from_trn_account_followup_where_disposition_date__today" time="4.034"/>
  <system-out/>
  <testcase classname="CollectionAgency.Disposition.CollectionAgencyDisposition_TestClass" name="Allocating_accounts_to_collection_agency" time="48.417"/>
  <system-out/>
  <testcase classname="CollectionAgency.Disposition.CollectionAgencyDisposition_TestClass" name="Fetch_a_not_allocated_account_number_in_selected_collection_agency" time="3.574"/>
  <system-out/>
  <testcase classname="CollectionAgency.Disposition.CollectionAgencyDisposition_TestClass" name="Login_to_allocated_collection_agency_from_collection_agency_application" time="53.167"/>
  <system-out/>
  <testcase classname="CollectionAgency.Disposition.CollectionAgencyDisposition_TestClass" name="Doing_Disposition_against_Agency_allocated_accounts" time="13.428"/>
  <system-out/>
  <testcase classname="CollectionAgency.Disposition.CollectionAgencyDisposition_TestClass" name="Customer_Details_Grid_Data_Integrity" time="3.250"/>
  <system-out/>
  <testcase classname="CollectionAgency.Disposition.CollectionAgencyDisposition_TestClass" name="Risk_Column_Data_Consistency" time="3.035"/>
  <system-out/>
  <testcase classname="CollectionAgency.Disposition.CollectionAgencyDisposition_TestClass" name="Security_Details_View_Open_Grid" time="4.230"/>
  <system-out/>
  <testcase classname="CollectionAgency.Disposition.CollectionAgencyDisposition_TestClass" name="Next_Action_Owner_Dropdown_Selection" time="3.335"/>
  <system-out/>
  <testcase classname="CollectionAgency.Disposition.CollectionAgencyDisposition_TestClass" name="Cancel_Button_Functionality_in_Add_New_Interaction_Details" time="4.954"/>
  <system-out/>
  <testcase classname="CollectionAgency.Disposition.CollectionAgencyDisposition_TestClass" name="Error_Guessing_Empty_Remarks_Field" time="6.066"/>
  <system-out/>
  <testcase classname="CollectionAgency.Disposition.CollectionAgencyDisposition_TestClass" name="Committed_Amount_Field_BVA_Validations" time="4.550"/>
  <system-out/>
  <testcase classname="CollectionAgency.Disposition.CollectionAgencyDisposition_TestClass" name="Customer_Details_Data_Accuracy" time="8.387"/>
  <system-out/>
  <testcase classname="CollectionAgency.Disposition.CollectionAgencyDisposition_TestClass" name="Other_Account_Details_Grid_Validation" time="8.203"/>
  <system-out/>
  <testcase classname="CollectionAgency.Disposition.CollectionAgencyDisposition_TestClass" name="Disposition_and_Sub_Disposition_Valid_Selections" time="9.798"/>
  <system-out/>
  <testcase classname="CollectionAgency.Disposition.CollectionAgencyDisposition_TestClass" name="Search_Functionality_Invalid_Input" time="4.340"/>
  <system-out/>
</testsuite> <!-- CollectionAgency.Disposition.CollectionAgencyDisposition_TestClass -->
