<?xml version="1.0" encoding="UTF-8"?>
<!-- Generated by org.testng.reporters.JUnitReportReporter -->
<testsuite hostname="SPTVMLAP-2029" failures="0" tests="13" name="Core.SecurityManagement.CallCentre_UserManagement" time="43.552" errors="1" timestamp="2025-01-29T16:35:09 IST" skipped="12">
  <testcase classname="Core.SecurityManagement.CallCentre_UserManagement" name="reference" time="43.552">
    <error message="no such element: Unable to locate element: {&quot;method&quot;:&quot;xpath&quot;,&quot;selector&quot;:&quot;//span[@class=&#039;emailuser&#039;]&quot;}
  (Session info: chrome=132.0.6834.159)
For documentation on this error, please visit: https://www.selenium.dev/documentation/webdriver/troubleshooting/errors#no-such-element-exception
Build info: version: &#039;4.13.0&#039;, revision: &#039;ba948ece5b*&#039;
System info: os.name: &#039;Windows 10&#039;, os.arch: &#039;amd64&#039;, os.version: &#039;10.0&#039;, java.version: &#039;23.0.1&#039;
Driver info: org.openqa.selenium.chrome.ChromeDriver
Command: [d0d56090742df13d619aec6ba3a32d52, findElement {using=xpath, value=//span[@class=&#039;emailuser&#039;]}]
Capabilities {acceptInsecureCerts: false, browserName: chrome, browserVersion: 132.0.6834.159, chrome: {chromedriverVersion: 132.0.6834.159 (2d77d3fc445..., userDataDir: C:\Users\AJITH~1.KRI\AppDat...}, fedcm:accounts: true, goog:chromeOptions: {debuggerAddress: localhost:55672}, networkConnectionEnabled: false, pageLoadStrategy: normal, platformName: windows, proxy: Proxy(), se:cdp: ws://localhost:55672/devtoo..., se:cdpVersion: 132.0.6834.159, setWindowRect: true, strictFileInteractability: false, timeouts: {implicit: 0, pageLoad: 300000, script: 30000}, unhandledPromptBehavior: dismiss and notify, webauthn:extension:credBlob: true, webauthn:extension:largeBlob: true, webauthn:extension:minPinLength: true, webauthn:extension:prf: true, webauthn:virtualAuthenticators: true}
Session ID: d0d56090742df13d619aec6ba3a32d52" type="org.openqa.selenium.NoSuchElementException">
      <![CDATA[org.openqa.selenium.NoSuchElementException: no such element: Unable to locate element: {"method":"xpath","selector":"//span[@class='emailuser']"}
  (Session info: chrome=132.0.6834.159)
For documentation on this error, please visit: https://www.selenium.dev/documentation/webdriver/troubleshooting/errors#no-such-element-exception
Build info: version: '4.13.0', revision: 'ba948ece5b*'
System info: os.name: 'Windows 10', os.arch: 'amd64', os.version: '10.0', java.version: '23.0.1'
Driver info: org.openqa.selenium.chrome.ChromeDriver
Command: [d0d56090742df13d619aec6ba3a32d52, findElement {using=xpath, value=//span[@class='emailuser']}]
Capabilities {acceptInsecureCerts: false, browserName: chrome, browserVersion: 132.0.6834.159, chrome: {chromedriverVersion: 132.0.6834.159 (2d77d3fc445..., userDataDir: C:\Users\AJITH~1.KRI\AppDat...}, fedcm:accounts: true, goog:chromeOptions: {debuggerAddress: localhost:55672}, networkConnectionEnabled: false, pageLoadStrategy: normal, platformName: windows, proxy: Proxy(), se:cdp: ws://localhost:55672/devtoo..., se:cdpVersion: 132.0.6834.159, setWindowRect: true, strictFileInteractability: false, timeouts: {implicit: 0, pageLoad: 300000, script: 30000}, unhandledPromptBehavior: dismiss and notify, webauthn:extension:credBlob: true, webauthn:extension:largeBlob: true, webauthn:extension:minPinLength: true, webauthn:extension:prf: true, webauthn:virtualAuthenticators: true}
Session ID: d0d56090742df13d619aec6ba3a32d52
at java.base/jdk.internal.reflect.DirectConstructorHandleAccessor.newInstance(DirectConstructorHandleAccessor.java:62)
at java.base/java.lang.reflect.Constructor.newInstanceWithCaller(Constructor.java:501)
at java.base/java.lang.reflect.Constructor.newInstance(Constructor.java:485)
at org.openqa.selenium.remote.codec.w3c.W3CHttpResponseCodec.createException(W3CHttpResponseCodec.java:200)
at org.openqa.selenium.remote.codec.w3c.W3CHttpResponseCodec.decode(W3CHttpResponseCodec.java:133)
at org.openqa.selenium.remote.codec.w3c.W3CHttpResponseCodec.decode(W3CHttpResponseCodec.java:52)
at org.openqa.selenium.remote.HttpCommandExecutor.execute(HttpCommandExecutor.java:191)
at org.openqa.selenium.remote.service.DriverCommandExecutor.invokeExecute(DriverCommandExecutor.java:196)
at org.openqa.selenium.remote.service.DriverCommandExecutor.execute(DriverCommandExecutor.java:171)
at org.openqa.selenium.remote.RemoteWebDriver.execute(RemoteWebDriver.java:602)
at org.openqa.selenium.remote.ElementLocation$ElementFinder$2.findElement(ElementLocation.java:165)
at org.openqa.selenium.remote.ElementLocation.findElement(ElementLocation.java:59)
at org.openqa.selenium.remote.RemoteWebDriver.findElement(RemoteWebDriver.java:359)
at org.openqa.selenium.remote.RemoteWebDriver.findElement(RemoteWebDriver.java:353)
at com.BasePackage.Login_Class.CoreLogin(Login_Class.java:130)
at Core.SecurityManagement.CallCentre_UserManagement.reference(CallCentre_UserManagement.java:93)
at java.base/jdk.internal.reflect.DirectMethodHandleAccessor.invoke(DirectMethodHandleAccessor.java:103)
at java.base/java.lang.reflect.Method.invoke(Method.java:580)
at org.testng.internal.MethodInvocationHelper.invokeMethod(MethodInvocationHelper.java:133)
at org.testng.internal.MethodInvocationHelper.invokeMethodConsideringTimeout(MethodInvocationHelper.java:62)
at org.testng.internal.ConfigInvoker.invokeConfigurationMethod(ConfigInvoker.java:385)
at org.testng.internal.ConfigInvoker.invokeConfigurations(ConfigInvoker.java:321)
at org.testng.SuiteRunner.privateRun(SuiteRunner.java:317)
at org.testng.SuiteRunner.run(SuiteRunner.java:276)
at org.testng.SuiteRunnerWorker.runSuite(SuiteRunnerWorker.java:53)
at org.testng.SuiteRunnerWorker.run(SuiteRunnerWorker.java:96)
at org.testng.TestNG.runSuitesSequentially(TestNG.java:1212)
at org.testng.TestNG.runSuitesLocally(TestNG.java:1134)
at org.testng.TestNG.runSuites(TestNG.java:1063)
at org.testng.TestNG.run(TestNG.java:1031)
at org.testng.remote.AbstractRemoteTestNG.run(AbstractRemoteTestNG.java:115)
at org.testng.remote.RemoteTestNG.initAndRun(RemoteTestNG.java:293)
at org.testng.remote.RemoteTestNG.main(RemoteTestNG.java:91)
]]>
    </error>
  </testcase> <!-- reference -->
  <system-out/>
  <testcase classname="Core.SecurityManagement.CallCentre_UserManagement" name="Login_to_Beacon_FCM" time="0.000">
    <skipped/>
  </testcase> <!-- Login_to_Beacon_FCM -->
  <system-out/>
  <testcase classname="Core.SecurityManagement.CallCentre_UserManagement" name="Access_User_Management_Page" time="0.000">
    <skipped/>
  </testcase> <!-- Access_User_Management_Page -->
  <system-out/>
  <testcase classname="Core.SecurityManagement.CallCentre_UserManagement" name="Validate_User_Management_Page_Elements" time="0.000">
    <skipped/>
  </testcase> <!-- Validate_User_Management_Page_Elements -->
  <system-out/>
  <testcase classname="Core.SecurityManagement.CallCentre_UserManagement" name="Access_Add_New_User_Page" time="0.000">
    <skipped/>
  </testcase> <!-- Access_Add_New_User_Page -->
  <system-out/>
  <testcase classname="Core.SecurityManagement.CallCentre_UserManagement" name="Add_User_Page_Empty_Save_Attempt" time="0.000">
    <skipped/>
  </testcase> <!-- Add_User_Page_Empty_Save_Attempt -->
  <system-out/>
  <testcase classname="Core.SecurityManagement.CallCentre_UserManagement" name="Add_new_user_page__Enter_inputs_for_ExecutiveID" time="0.000">
    <skipped/>
  </testcase> <!-- Add_new_user_page__Enter_inputs_for_ExecutiveID -->
  <system-out/>
  <testcase classname="Core.SecurityManagement.CallCentre_UserManagement" name="Add_new_user_page__Enter_inputs_for_Name" time="0.000">
    <skipped/>
  </testcase> <!-- Add_new_user_page__Enter_inputs_for_Name -->
  <system-out/>
  <testcase classname="Core.SecurityManagement.CallCentre_UserManagement" name="Add_new_user_page__Enter_inputs_for_Email" time="0.000">
    <skipped/>
  </testcase> <!-- Add_new_user_page__Enter_inputs_for_Email -->
  <system-out/>
  <testcase classname="Core.SecurityManagement.CallCentre_UserManagement" name="Add_new_user_page__Enter_inputs_for_PhoneNumber" time="0.000">
    <skipped/>
  </testcase> <!-- Add_new_user_page__Enter_inputs_for_PhoneNumber -->
  <system-out/>
  <testcase classname="Core.SecurityManagement.CallCentre_UserManagement" name="Add_new_user_page__Enter_inputs_for_RoleType" time="0.000">
    <skipped/>
  </testcase> <!-- Add_new_user_page__Enter_inputs_for_RoleType -->
  <system-out/>
  <testcase classname="Core.SecurityManagement.CallCentre_UserManagement" name="Click_Submit_button_and_Create_New_User" time="0.000">
    <skipped/>
  </testcase> <!-- Click_Submit_button_and_Create_New_User -->
  <system-out/>
  <testcase classname="Core.SecurityManagement.CallCentre_UserManagement" name="Check_for_Newly_created_User_In_the_Grid" time="0.000">
    <skipped/>
  </testcase> <!-- Check_for_Newly_created_User_In_the_Grid -->
  <system-out/>
</testsuite> <!-- Core.SecurityManagement.CallCentre_UserManagement -->
