<?xml version="1.0" encoding="UTF-8"?>
<!-- Generated by org.testng.reporters.JUnitReportReporter -->
<testsuite hostname="SPTVMLAP-2029" failures="0" tests="11" name="Core.SecurityManagement.CallCentre_UserManagement" time="114.415" errors="0" timestamp="2025-01-28T12:21:08 IST" skipped="0">
  <testcase classname="Core.SecurityManagement.CallCentre_UserManagement" name="Login_to_Beacon_FCM" time="0.011"/>
  <system-out/>
  <testcase classname="Core.SecurityManagement.CallCentre_UserManagement" name="Access_User_Management_Page" time="9.465"/>
  <system-out/>
  <testcase classname="Core.SecurityManagement.CallCentre_UserManagement" name="Validate_User_Management_Page_Elements" time="28.399"/>
  <system-out/>
  <testcase classname="Core.SecurityManagement.CallCentre_UserManagement" name="Access_Add_New_User_Page" time="7.354"/>
  <system-out/>
  <testcase classname="Core.SecurityManagement.CallCentre_UserManagement" name="Add_User_Page_Empty_Save_Attempt" time="33.915"/>
  <system-out/>
  <testcase classname="Core.SecurityManagement.CallCentre_UserManagement" name="Add_new_user_page__Enter_inputs_for_ExecutiveID" time="25.697"/>
  <system-out/>
  <testcase classname="Core.SecurityManagement.CallCentre_UserManagement" name="Add_new_user_page__Enter_inputs_for_Name" time="0.110"/>
  <system-out/>
  <testcase classname="Core.SecurityManagement.CallCentre_UserManagement" name="Add_new_user_page__Enter_inputs_for_Email" time="0.128"/>
  <system-out/>
  <testcase classname="Core.SecurityManagement.CallCentre_UserManagement" name="Add_new_user_page__Enter_inputs_for_PhoneNumber" time="0.134"/>
  <system-out/>
  <testcase classname="Core.SecurityManagement.CallCentre_UserManagement" name="Add_new_user_page__Enter_inputs_for_RoleType" time="4.982"/>
  <system-out/>
  <testcase classname="Core.SecurityManagement.CallCentre_UserManagement" name="Click_Submit_button_and_Create_New_User" time="4.220"/>
  <system-out/>
</testsuite> <!-- Core.SecurityManagement.CallCentre_UserManagement -->
